<?xml version="1.0" encoding="UTF-8"?>
<testsuite name="calendar"
           tests="3"
           failures="0"
           errors="0"
           skipped="0"
           time="42.527">
  <properties />
  
  
            <testcase name="openCalendar" time="2.200" classname="calendar.CalendarTest" />
                <testcase name="deleteSchedule" time="12.168" classname="calendar.CalendarTest" />
                <testcase name="newSchedule" time="28.159" classname="calendar.CalendarTest" />
      
</testsuite>
