<?xml version="1.0" encoding="UTF-8"?>
<testsuite name="camera"
           tests="17"
           failures="1"
           errors="0"
           skipped="16"
           time="0.011">
  <properties />
            <testcase name="beforeTest" time="0.000" classname="camera.CameraTest">
                <failure type="java.lang.NullPointerException"
                  message="(null)"
              >
<![CDATA[java.lang.NullPointerException
  camera.CameraTest.deletePhotoVideo(CameraTest.java:137)
  camera.CameraTest.beforeTest(CameraTest.java:108)
  sun.reflect.NativeMethodAccessorImpl.invoke0(Native Method)
  sun.reflect.NativeMethodAccessorImpl.invoke(Unknown Source)
  sun.reflect.DelegatingMethodAccessorImpl.invoke(Unknown Source)
  java.lang.reflect.Method.invoke(Unknown Source)
  org.testng.internal.MethodInvocationHelper.invokeMethod(MethodInvocationHelper.java:85)
  org.testng.internal.Invoker.invokeConfigurationMethod(Invoker.java:510)
  org.testng.internal.Invoker.invokeConfigurations(Invoker.java:211)
  org.testng.internal.Invoker.invokeConfigurations(Invoker.java:138)
  org.testng.TestRunner.beforeRun(TestRunner.java:648)
  org.testng.TestRunner.run(TestRunner.java:616)
  org.testng.SuiteRunner.runTest(SuiteRunner.java:359)
  org.testng.SuiteRunner.runSequentially(SuiteRunner.java:354)
  org.testng.SuiteRunner.privateRun(SuiteRunner.java:312)
  org.testng.SuiteRunner.run(SuiteRunner.java:261)
  org.testng.SuiteRunnerWorker.runSuite(SuiteRunnerWorker.java:52)
  org.testng.SuiteRunnerWorker.run(SuiteRunnerWorker.java:86)
  org.testng.TestNG.runSuitesSequentially(TestNG.java:1191)
  org.testng.TestNG.runSuitesLocally(TestNG.java:1116)
  org.testng.TestNG.run(TestNG.java:1024)
  org.testng.remote.RemoteTestNG.run(RemoteTestNG.java:112)
  org.testng.remote.RemoteTestNG.initAndRun(RemoteTestNG.java:205)
  org.testng.remote.RemoteTestNG.main(RemoteTestNG.java:176)
]]>
      </failure>

          </testcase>
  
            <testcase name="afterMethod" time="0.0" classname="camera.CameraTest">
          <skipped />
    </testcase>
            <testcase name="beforeMethod" time="0.0" classname="camera.CameraTest">
          <skipped />
    </testcase>
            <testcase name="afterMethod" time="0.0" classname="camera.CameraTest">
          <skipped />
    </testcase>
            <testcase name="afterMethod" time="0.0" classname="camera.CameraTest">
          <skipped />
    </testcase>
            <testcase name="afterMethod" time="0.0" classname="camera.CameraTest">
          <skipped />
    </testcase>
            <testcase name="beforeMethod" time="0.0" classname="camera.CameraTest">
          <skipped />
    </testcase>
            <testcase name="beforeMethod" time="0.0" classname="camera.CameraTest">
          <skipped />
    </testcase>
            <testcase name="beforeMethod" time="0.0" classname="camera.CameraTest">
          <skipped />
    </testcase>
            <testcase name="afterTest" time="0.0" classname="camera.CameraTest">
          <skipped />
    </testcase>
            <testcase name="afterMethod" time="0.0" classname="camera.CameraTest">
          <skipped />
    </testcase>
            <testcase name="beforeMethod" time="0.0" classname="camera.CameraTest">
          <skipped />
    </testcase>
            <testcase name="openCamera" time="0.0" classname="camera.CameraTest">
          <skipped />
    </testcase>
            <testcase name="frontCamera" time="0.0" classname="camera.CameraTest">
          <skipped />
    </testcase>
            <testcase name="rearCamera" time="0.0" classname="camera.CameraTest">
          <skipped />
    </testcase>
            <testcase name="frontVideo" time="0.0" classname="camera.CameraTest">
          <skipped />
    </testcase>
            <testcase name="rearVideo" time="0.0" classname="camera.CameraTest">
          <skipped />
    </testcase>
  
  
</testsuite>
