<?xml version="1.0" encoding="UTF-8"?>
<testsuite name="contacts"
           tests="3"
           failures="0"
           errors="0"
           skipped="0"
           time="56.048">
  <properties />
  
  
            <testcase name="deleteContacts" time="14.638" classname="contacts.ContactsTest" />
                <testcase name="addContacts" time="21.098" classname="contacts.ContactsTest" />
                <testcase name="editContacts" time="20.312" classname="contacts.ContactsTest" />
      
</testsuite>
