<?xml version="1.0" encoding="UTF-8"?>
<testsuite xmlns:xsi="http://www.w3.org/2001/XMLSchema-instance" xsi:noNamespaceSchemaLocation="https://maven.apache.org/surefire/maven-surefire-plugin/xsd/surefire-test-report.xsd" name="TestSuite" time="1,005.002" tests="47" errors="0" skipped="11" failures="20">
  <properties>
[...]
</properties>
  <testcase name="openCalendar" classname="calendar.CalendarTest" time="2.122"/>
  <testcase name="newSchedule" classname="calendar.CalendarTest" time="27.691"/>
  <testcase name="deleteSchedule" classname="calendar.CalendarTest" time="12.23"/>
  <testcase name="location" classname="setting.SettingTest" time="119.381">
    <failure type="java.lang.NullPointerException">java.lang.NullPointerException
	at setting.SettingTest.location(SettingTest.java:71)
</failure>
    <system-out><![CDATA[[TestNG] PASSED: "calendar" - calendar.CalendarTest.deleteSchedule() finished in 12230 ms
[TestNG] INVOKING CONFIGURATION: "calendar" - @AfterTest calendar.CalendarTest.afterTest()
[TestNG] PASSED CONFIGURATION: "calendar" - @AfterTest calendar.CalendarTest.afterTest() finished in 3464 ms
===== Invoked methods
  CalendarTest.beforeTest()[pri:0, instance:calendar.CalendarTest@6d3af739] 1832580921
    CalendarTest.openCalendar()[pri:0, instance:calendar.CalendarTest@6d3af739] 1832580921
    CalendarTest.newSchedule()[pri:1, instance:calendar.CalendarTest@6d3af739] 1832580921
    CalendarTest.deleteSchedule()[pri:2, instance:calendar.CalendarTest@6d3af739] 1832580921
  CalendarTest.afterTest()[pri:0, instance:calendar.CalendarTest@6d3af739] 1832580921
=====
PASSED: openCalendar
PASSED: newSchedule
PASSED: deleteSchedule

===============================================
    calendar
    Tests run: 3, Failures: 0, Skips: 0
===============================================

[TestNG] 
[TestNG] ===============================================
[TestNG]     calendar
[TestNG]     Tests run: 3, Failures: 0, Skips: 0
[TestNG] ===============================================
PASSED: openCalendar
PASSED: newSchedule
PASSED: deleteSchedule

===============================================
    setting
    Tests run: 3, Failures: 0, Skips: 0
===============================================

PASSED: openCalendar
PASSED: newSchedule
PASSED: deleteSchedule

===============================================
    camera
    Tests run: 3, Failures: 0, Skips: 0
===============================================

PASSED: openCalendar
PASSED: newSchedule
PASSED: deleteSchedule

===============================================
    fileExplorer
    Tests run: 3, Failures: 0, Skips: 0
===============================================

PASSED: openCalendar
PASSED: newSchedule
PASSED: deleteSchedule

===============================================
    notepad
    Tests run: 3, Failures: 0, Skips: 0
===============================================

PASSED: openCalendar
PASSED: newSchedule
PASSED: deleteSchedule

===============================================
    contacts
    Tests run: 3, Failures: 0, Skips: 0
===============================================

PASSED: openCalendar
PASSED: newSchedule
PASSED: deleteSchedule

===============================================
    dataService
    Tests run: 3, Failures: 0, Skips: 0
===============================================

PASSED: openCalendar
PASSED: newSchedule
PASSED: deleteSchedule

===============================================
    deskclock
    Tests run: 3, Failures: 0, Skips: 0
===============================================

PASSED: openCalendar
PASSED: newSchedule
PASSED: deleteSchedule

===============================================
    dialer
    Tests run: 3, Failures: 0, Skips: 0
===============================================

PASSED: openCalendar
PASSED: newSchedule
PASSED: deleteSchedule

===============================================
    mms
    Tests run: 3, Failures: 0, Skips: 0
===============================================

PASSED: openCalendar
PASSED: newSchedule
PASSED: deleteSchedule

===============================================
    otherApps
    Tests run: 3, Failures: 0, Skips: 0
===============================================

PASSED: openCalendar
PASSED: newSchedule
PASSED: deleteSchedule

===============================================
    others
    Tests run: 3, Failures: 0, Skips: 0
===============================================

[TestNG] RUNNING: Suite: "setting" containing "1" Tests (config: E:\testProjects\ZengQiang\testng.xml)
[TestNG] INVOKING CONFIGURATION: "setting" - @BeforeTest setting.SettingTest.beforeTest()
0123456789ABCDEF01
deviceName : 0123456789ABCDEF01

[TestNG] PASSED CONFIGURATION: "setting" - @BeforeTest setting.SettingTest.beforeTest() finished in 43370 ms
[TestNG] INVOKING: "setting" - setting.SettingTest.location()
定位:000.000000°
定位中....
定位中....
定位中....
定位中....
定位中....
定位中....
定位中....
定位中....
定位中....
定位中....
定位中....
定位中....
定位中....
定位中....
定位中....
定位中....
定位中....
定位中....
定位中....
定位中....
定位中....
定位中....
定位中....
定位中....
定位中....
定位中....
定位中....
定位中....
定位中....
定位中....
定位中....
定位中....
定位中....
定位中....
定位中....
定位中....
定位中....
定位中....
定位中....
定位中....
定位中....
定位中....
定位中....
定位中....
定位中....
定位中....
定位中....
定位中....
定位中....
定位中....
定位中....
定位中....
定位中....
定位中....
定位中....
定位中....
定位中....
定位中....
定位中....
定位中....
定位中....
定位中....
定位中....
定位中....
定位中....
定位中....
定位中....
定位中....
定位中....
定位中....
定位中....
定位中....
定位中....
定位中....
定位中....
定位中....
定位中....
定位中....
定位中....
定位中....
定位中....
定位中....
定位中....
定位中....
<a href=E:\testProjects\ZengQiang\screenshots1\location.png target=_blank>Failed Screen Shot</a>
]]></system-out>
    <system-err><![CDATA[三月 25, 2020 9:06:03 上午 io.appium.java_client.remote.AppiumCommandExecutor$1 lambda$0
信息: Detected dialect: W3C
]]></system-err>
  </testcase>
  <testcase name="beforeTest" classname="camera.CameraTest" time="164.091">
    <failure type="java.lang.NullPointerException">java.lang.NullPointerException
	at camera.CameraTest.countPhoto(CameraTest.java:158)
	at camera.CameraTest.beforeTest(CameraTest.java:110)
</failure>
    <system-out><![CDATA[[TestNG] FAILED: "setting" - setting.SettingTest.location() finished in 116963 ms
[TestNG] java.lang.NullPointerException
[TestNG] 	at setting.SettingTest.location(SettingTest.java:71)
[TestNG] 	at sun.reflect.NativeMethodAccessorImpl.invoke0(Native Method)
[TestNG] 	at sun.reflect.NativeMethodAccessorImpl.invoke(NativeMethodAccessorImpl.java:62)
[TestNG] 	at sun.reflect.DelegatingMethodAccessorImpl.invoke(DelegatingMethodAccessorImpl.java:43)
[TestNG] 	at java.lang.reflect.Method.invoke(Method.java:498)
[TestNG] 	at org.testng.internal.MethodInvocationHelper.invokeMethod(MethodInvocationHelper.java:134)
[TestNG] 	at org.testng.internal.TestInvoker.invokeMethod(TestInvoker.java:597)
[TestNG] 	at org.testng.internal.TestInvoker.invokeTestMethod(TestInvoker.java:173)
[TestNG] 	at org.testng.internal.MethodRunner.runInSequence(MethodRunner.java:46)
[TestNG] 	at org.testng.internal.TestInvoker$MethodInvocationAgent.invoke(TestInvoker.java:816)
[TestNG] 	at org.testng.internal.TestInvoker.invokeTestMethods(TestInvoker.java:146)
[TestNG] 	at org.testng.internal.TestMethodWorker.invokeTestMethods(TestMethodWorker.java:146)
[TestNG] 	at org.testng.internal.TestMethodWorker.run(TestMethodWorker.java:128)
[TestNG] 	at java.util.concurrent.ThreadPoolExecutor.runWorker(ThreadPoolExecutor.java:1149)
[TestNG] 	at java.util.concurrent.ThreadPoolExecutor$Worker.run(ThreadPoolExecutor.java:624)
[TestNG] 	at java.lang.Thread.run(Thread.java:748)
<a href=E:\testProjects\ZengQiang\screenshots1\location.png target=_blank>Failed Screen Shot</a>
<a href=E:\testProjects\ZengQiang\screenshots1\location.png target=_blank>Failed Screen Shot</a>
<a href=E:\testProjects\ZengQiang\screenshots1\location.png target=_blank>Failed Screen Shot</a>
<a href=E:\testProjects\ZengQiang\screenshots1\location.png target=_blank>Failed Screen Shot</a>
<a href=E:\testProjects\ZengQiang\screenshots1\location.png target=_blank>Failed Screen Shot</a>
<a href=E:\testProjects\ZengQiang\screenshots1\location.png target=_blank>Failed Screen Shot</a>
[TestNG] INVOKING CONFIGURATION: "setting" - @AfterTest setting.SettingTest.afterTest()
[TestNG] PASSED CONFIGURATION: "setting" - @AfterTest setting.SettingTest.afterTest() finished in 3744 ms
===== Invoked methods
  SettingTest.beforeTest()[pri:0, instance:setting.SettingTest@7f416310] 2134991632
    SettingTest.location()[pri:0, instance:setting.SettingTest@7f416310] 2134991632
  SettingTest.afterTest()[pri:0, instance:setting.SettingTest@7f416310] 2134991632
=====
PASSED: openCalendar
PASSED: newSchedule
PASSED: deleteSchedule
FAILED: location
java.lang.NullPointerException
	at setting.SettingTest.location(SettingTest.java:71)
	at sun.reflect.NativeMethodAccessorImpl.invoke0(Native Method)
	at sun.reflect.NativeMethodAccessorImpl.invoke(NativeMethodAccessorImpl.java:62)
	at sun.reflect.DelegatingMethodAccessorImpl.invoke(DelegatingMethodAccessorImpl.java:43)
	at java.lang.reflect.Method.invoke(Method.java:498)
	at org.testng.internal.MethodInvocationHelper.invokeMethod(MethodInvocationHelper.java:134)
	at org.testng.internal.TestInvoker.invokeMethod(TestInvoker.java:597)
	at org.testng.internal.TestInvoker.invokeTestMethod(TestInvoker.java:173)
	at org.testng.internal.MethodRunner.runInSequence(MethodRunner.java:46)
	at org.testng.internal.TestInvoker$MethodInvocationAgent.invoke(TestInvoker.java:816)
	at org.testng.internal.TestInvoker.invokeTestMethods(TestInvoker.java:146)
	at org.testng.internal.TestMethodWorker.invokeTestMethods(TestMethodWorker.java:146)
	at org.testng.internal.TestMethodWorker.run(TestMethodWorker.java:128)
	at java.util.concurrent.ThreadPoolExecutor.runWorker(ThreadPoolExecutor.java:1149)
	at java.util.concurrent.ThreadPoolExecutor$Worker.run(ThreadPoolExecutor.java:624)
	at java.lang.Thread.run(Thread.java:748)


===============================================
    setting
    Tests run: 4, Failures: 1, Skips: 0
===============================================

[TestNG] 
[TestNG] ===============================================
[TestNG]     setting
[TestNG]     Tests run: 4, Failures: 1, Skips: 0
[TestNG] ===============================================
PASSED: openCalendar
PASSED: newSchedule
PASSED: deleteSchedule
FAILED: location
java.lang.NullPointerException
	at setting.SettingTest.location(SettingTest.java:71)
	at sun.reflect.NativeMethodAccessorImpl.invoke0(Native Method)
	at sun.reflect.NativeMethodAccessorImpl.invoke(NativeMethodAccessorImpl.java:62)
	at sun.reflect.DelegatingMethodAccessorImpl.invoke(DelegatingMethodAccessorImpl.java:43)
	at java.lang.reflect.Method.invoke(Method.java:498)
	at org.testng.internal.MethodInvocationHelper.invokeMethod(MethodInvocationHelper.java:134)
	at org.testng.internal.TestInvoker.invokeMethod(TestInvoker.java:597)
	at org.testng.internal.TestInvoker.invokeTestMethod(TestInvoker.java:173)
	at org.testng.internal.MethodRunner.runInSequence(MethodRunner.java:46)
	at org.testng.internal.TestInvoker$MethodInvocationAgent.invoke(TestInvoker.java:816)
	at org.testng.internal.TestInvoker.invokeTestMethods(TestInvoker.java:146)
	at org.testng.internal.TestMethodWorker.invokeTestMethods(TestMethodWorker.java:146)
	at org.testng.internal.TestMethodWorker.run(TestMethodWorker.java:128)
	at java.util.concurrent.ThreadPoolExecutor.runWorker(ThreadPoolExecutor.java:1149)
	at java.util.concurrent.ThreadPoolExecutor$Worker.run(ThreadPoolExecutor.java:624)
	at java.lang.Thread.run(Thread.java:748)


===============================================
    camera
    Tests run: 4, Failures: 1, Skips: 0
===============================================

PASSED: openCalendar
PASSED: newSchedule
PASSED: deleteSchedule
FAILED: location
java.lang.NullPointerException
	at setting.SettingTest.location(SettingTest.java:71)
	at sun.reflect.NativeMethodAccessorImpl.invoke0(Native Method)
	at sun.reflect.NativeMethodAccessorImpl.invoke(NativeMethodAccessorImpl.java:62)
	at sun.reflect.DelegatingMethodAccessorImpl.invoke(DelegatingMethodAccessorImpl.java:43)
	at java.lang.reflect.Method.invoke(Method.java:498)
	at org.testng.internal.MethodInvocationHelper.invokeMethod(MethodInvocationHelper.java:134)
	at org.testng.internal.TestInvoker.invokeMethod(TestInvoker.java:597)
	at org.testng.internal.TestInvoker.invokeTestMethod(TestInvoker.java:173)
	at org.testng.internal.MethodRunner.runInSequence(MethodRunner.java:46)
	at org.testng.internal.TestInvoker$MethodInvocationAgent.invoke(TestInvoker.java:816)
	at org.testng.internal.TestInvoker.invokeTestMethods(TestInvoker.java:146)
	at org.testng.internal.TestMethodWorker.invokeTestMethods(TestMethodWorker.java:146)
	at org.testng.internal.TestMethodWorker.run(TestMethodWorker.java:128)
	at java.util.concurrent.ThreadPoolExecutor.runWorker(ThreadPoolExecutor.java:1149)
	at java.util.concurrent.ThreadPoolExecutor$Worker.run(ThreadPoolExecutor.java:624)
	at java.lang.Thread.run(Thread.java:748)


===============================================
    fileExplorer
    Tests run: 4, Failures: 1, Skips: 0
===============================================

PASSED: openCalendar
PASSED: newSchedule
PASSED: deleteSchedule
FAILED: location
java.lang.NullPointerException
	at setting.SettingTest.location(SettingTest.java:71)
	at sun.reflect.NativeMethodAccessorImpl.invoke0(Native Method)
	at sun.reflect.NativeMethodAccessorImpl.invoke(NativeMethodAccessorImpl.java:62)
	at sun.reflect.DelegatingMethodAccessorImpl.invoke(DelegatingMethodAccessorImpl.java:43)
	at java.lang.reflect.Method.invoke(Method.java:498)
	at org.testng.internal.MethodInvocationHelper.invokeMethod(MethodInvocationHelper.java:134)
	at org.testng.internal.TestInvoker.invokeMethod(TestInvoker.java:597)
	at org.testng.internal.TestInvoker.invokeTestMethod(TestInvoker.java:173)
	at org.testng.internal.MethodRunner.runInSequence(MethodRunner.java:46)
	at org.testng.internal.TestInvoker$MethodInvocationAgent.invoke(TestInvoker.java:816)
	at org.testng.internal.TestInvoker.invokeTestMethods(TestInvoker.java:146)
	at org.testng.internal.TestMethodWorker.invokeTestMethods(TestMethodWorker.java:146)
	at org.testng.internal.TestMethodWorker.run(TestMethodWorker.java:128)
	at java.util.concurrent.ThreadPoolExecutor.runWorker(ThreadPoolExecutor.java:1149)
	at java.util.concurrent.ThreadPoolExecutor$Worker.run(ThreadPoolExecutor.java:624)
	at java.lang.Thread.run(Thread.java:748)


===============================================
    notepad
    Tests run: 4, Failures: 1, Skips: 0
===============================================

PASSED: openCalendar
PASSED: newSchedule
PASSED: deleteSchedule
FAILED: location
java.lang.NullPointerException
	at setting.SettingTest.location(SettingTest.java:71)
	at sun.reflect.NativeMethodAccessorImpl.invoke0(Native Method)
	at sun.reflect.NativeMethodAccessorImpl.invoke(NativeMethodAccessorImpl.java:62)
	at sun.reflect.DelegatingMethodAccessorImpl.invoke(DelegatingMethodAccessorImpl.java:43)
	at java.lang.reflect.Method.invoke(Method.java:498)
	at org.testng.internal.MethodInvocationHelper.invokeMethod(MethodInvocationHelper.java:134)
	at org.testng.internal.TestInvoker.invokeMethod(TestInvoker.java:597)
	at org.testng.internal.TestInvoker.invokeTestMethod(TestInvoker.java:173)
	at org.testng.internal.MethodRunner.runInSequence(MethodRunner.java:46)
	at org.testng.internal.TestInvoker$MethodInvocationAgent.invoke(TestInvoker.java:816)
	at org.testng.internal.TestInvoker.invokeTestMethods(TestInvoker.java:146)
	at org.testng.internal.TestMethodWorker.invokeTestMethods(TestMethodWorker.java:146)
	at org.testng.internal.TestMethodWorker.run(TestMethodWorker.java:128)
	at java.util.concurrent.ThreadPoolExecutor.runWorker(ThreadPoolExecutor.java:1149)
	at java.util.concurrent.ThreadPoolExecutor$Worker.run(ThreadPoolExecutor.java:624)
	at java.lang.Thread.run(Thread.java:748)


===============================================
    contacts
    Tests run: 4, Failures: 1, Skips: 0
===============================================

PASSED: openCalendar
PASSED: newSchedule
PASSED: deleteSchedule
FAILED: location
java.lang.NullPointerException
	at setting.SettingTest.location(SettingTest.java:71)
	at sun.reflect.NativeMethodAccessorImpl.invoke0(Native Method)
	at sun.reflect.NativeMethodAccessorImpl.invoke(NativeMethodAccessorImpl.java:62)
	at sun.reflect.DelegatingMethodAccessorImpl.invoke(DelegatingMethodAccessorImpl.java:43)
	at java.lang.reflect.Method.invoke(Method.java:498)
	at org.testng.internal.MethodInvocationHelper.invokeMethod(MethodInvocationHelper.java:134)
	at org.testng.internal.TestInvoker.invokeMethod(TestInvoker.java:597)
	at org.testng.internal.TestInvoker.invokeTestMethod(TestInvoker.java:173)
	at org.testng.internal.MethodRunner.runInSequence(MethodRunner.java:46)
	at org.testng.internal.TestInvoker$MethodInvocationAgent.invoke(TestInvoker.java:816)
	at org.testng.internal.TestInvoker.invokeTestMethods(TestInvoker.java:146)
	at org.testng.internal.TestMethodWorker.invokeTestMethods(TestMethodWorker.java:146)
	at org.testng.internal.TestMethodWorker.run(TestMethodWorker.java:128)
	at java.util.concurrent.ThreadPoolExecutor.runWorker(ThreadPoolExecutor.java:1149)
	at java.util.concurrent.ThreadPoolExecutor$Worker.run(ThreadPoolExecutor.java:624)
	at java.lang.Thread.run(Thread.java:748)


===============================================
    dataService
    Tests run: 4, Failures: 1, Skips: 0
===============================================

PASSED: openCalendar
PASSED: newSchedule
PASSED: deleteSchedule
FAILED: location
java.lang.NullPointerException
	at setting.SettingTest.location(SettingTest.java:71)
	at sun.reflect.NativeMethodAccessorImpl.invoke0(Native Method)
	at sun.reflect.NativeMethodAccessorImpl.invoke(NativeMethodAccessorImpl.java:62)
	at sun.reflect.DelegatingMethodAccessorImpl.invoke(DelegatingMethodAccessorImpl.java:43)
	at java.lang.reflect.Method.invoke(Method.java:498)
	at org.testng.internal.MethodInvocationHelper.invokeMethod(MethodInvocationHelper.java:134)
	at org.testng.internal.TestInvoker.invokeMethod(TestInvoker.java:597)
	at org.testng.internal.TestInvoker.invokeTestMethod(TestInvoker.java:173)
	at org.testng.internal.MethodRunner.runInSequence(MethodRunner.java:46)
	at org.testng.internal.TestInvoker$MethodInvocationAgent.invoke(TestInvoker.java:816)
	at org.testng.internal.TestInvoker.invokeTestMethods(TestInvoker.java:146)
	at org.testng.internal.TestMethodWorker.invokeTestMethods(TestMethodWorker.java:146)
	at org.testng.internal.TestMethodWorker.run(TestMethodWorker.java:128)
	at java.util.concurrent.ThreadPoolExecutor.runWorker(ThreadPoolExecutor.java:1149)
	at java.util.concurrent.ThreadPoolExecutor$Worker.run(ThreadPoolExecutor.java:624)
	at java.lang.Thread.run(Thread.java:748)


===============================================
    deskclock
    Tests run: 4, Failures: 1, Skips: 0
===============================================

PASSED: openCalendar
PASSED: newSchedule
PASSED: deleteSchedule
FAILED: location
java.lang.NullPointerException
	at setting.SettingTest.location(SettingTest.java:71)
	at sun.reflect.NativeMethodAccessorImpl.invoke0(Native Method)
	at sun.reflect.NativeMethodAccessorImpl.invoke(NativeMethodAccessorImpl.java:62)
	at sun.reflect.DelegatingMethodAccessorImpl.invoke(DelegatingMethodAccessorImpl.java:43)
	at java.lang.reflect.Method.invoke(Method.java:498)
	at org.testng.internal.MethodInvocationHelper.invokeMethod(MethodInvocationHelper.java:134)
	at org.testng.internal.TestInvoker.invokeMethod(TestInvoker.java:597)
	at org.testng.internal.TestInvoker.invokeTestMethod(TestInvoker.java:173)
	at org.testng.internal.MethodRunner.runInSequence(MethodRunner.java:46)
	at org.testng.internal.TestInvoker$MethodInvocationAgent.invoke(TestInvoker.java:816)
	at org.testng.internal.TestInvoker.invokeTestMethods(TestInvoker.java:146)
	at org.testng.internal.TestMethodWorker.invokeTestMethods(TestMethodWorker.java:146)
	at org.testng.internal.TestMethodWorker.run(TestMethodWorker.java:128)
	at java.util.concurrent.ThreadPoolExecutor.runWorker(ThreadPoolExecutor.java:1149)
	at java.util.concurrent.ThreadPoolExecutor$Worker.run(ThreadPoolExecutor.java:624)
	at java.lang.Thread.run(Thread.java:748)


===============================================
    dialer
    Tests run: 4, Failures: 1, Skips: 0
===============================================

PASSED: openCalendar
PASSED: newSchedule
PASSED: deleteSchedule
FAILED: location
java.lang.NullPointerException
	at setting.SettingTest.location(SettingTest.java:71)
	at sun.reflect.NativeMethodAccessorImpl.invoke0(Native Method)
	at sun.reflect.NativeMethodAccessorImpl.invoke(NativeMethodAccessorImpl.java:62)
	at sun.reflect.DelegatingMethodAccessorImpl.invoke(DelegatingMethodAccessorImpl.java:43)
	at java.lang.reflect.Method.invoke(Method.java:498)
	at org.testng.internal.MethodInvocationHelper.invokeMethod(MethodInvocationHelper.java:134)
	at org.testng.internal.TestInvoker.invokeMethod(TestInvoker.java:597)
	at org.testng.internal.TestInvoker.invokeTestMethod(TestInvoker.java:173)
	at org.testng.internal.MethodRunner.runInSequence(MethodRunner.java:46)
	at org.testng.internal.TestInvoker$MethodInvocationAgent.invoke(TestInvoker.java:816)
	at org.testng.internal.TestInvoker.invokeTestMethods(TestInvoker.java:146)
	at org.testng.internal.TestMethodWorker.invokeTestMethods(TestMethodWorker.java:146)
	at org.testng.internal.TestMethodWorker.run(TestMethodWorker.java:128)
	at java.util.concurrent.ThreadPoolExecutor.runWorker(ThreadPoolExecutor.java:1149)
	at java.util.concurrent.ThreadPoolExecutor$Worker.run(ThreadPoolExecutor.java:624)
	at java.lang.Thread.run(Thread.java:748)


===============================================
    mms
    Tests run: 4, Failures: 1, Skips: 0
===============================================

PASSED: openCalendar
PASSED: newSchedule
PASSED: deleteSchedule
FAILED: location
java.lang.NullPointerException
	at setting.SettingTest.location(SettingTest.java:71)
	at sun.reflect.NativeMethodAccessorImpl.invoke0(Native Method)
	at sun.reflect.NativeMethodAccessorImpl.invoke(NativeMethodAccessorImpl.java:62)
	at sun.reflect.DelegatingMethodAccessorImpl.invoke(DelegatingMethodAccessorImpl.java:43)
	at java.lang.reflect.Method.invoke(Method.java:498)
	at org.testng.internal.MethodInvocationHelper.invokeMethod(MethodInvocationHelper.java:134)
	at org.testng.internal.TestInvoker.invokeMethod(TestInvoker.java:597)
	at org.testng.internal.TestInvoker.invokeTestMethod(TestInvoker.java:173)
	at org.testng.internal.MethodRunner.runInSequence(MethodRunner.java:46)
	at org.testng.internal.TestInvoker$MethodInvocationAgent.invoke(TestInvoker.java:816)
	at org.testng.internal.TestInvoker.invokeTestMethods(TestInvoker.java:146)
	at org.testng.internal.TestMethodWorker.invokeTestMethods(TestMethodWorker.java:146)
	at org.testng.internal.TestMethodWorker.run(TestMethodWorker.java:128)
	at java.util.concurrent.ThreadPoolExecutor.runWorker(ThreadPoolExecutor.java:1149)
	at java.util.concurrent.ThreadPoolExecutor$Worker.run(ThreadPoolExecutor.java:624)
	at java.lang.Thread.run(Thread.java:748)


===============================================
    otherApps
    Tests run: 4, Failures: 1, Skips: 0
===============================================

PASSED: openCalendar
PASSED: newSchedule
PASSED: deleteSchedule
FAILED: location
java.lang.NullPointerException
	at setting.SettingTest.location(SettingTest.java:71)
	at sun.reflect.NativeMethodAccessorImpl.invoke0(Native Method)
	at sun.reflect.NativeMethodAccessorImpl.invoke(NativeMethodAccessorImpl.java:62)
	at sun.reflect.DelegatingMethodAccessorImpl.invoke(DelegatingMethodAccessorImpl.java:43)
	at java.lang.reflect.Method.invoke(Method.java:498)
	at org.testng.internal.MethodInvocationHelper.invokeMethod(MethodInvocationHelper.java:134)
	at org.testng.internal.TestInvoker.invokeMethod(TestInvoker.java:597)
	at org.testng.internal.TestInvoker.invokeTestMethod(TestInvoker.java:173)
	at org.testng.internal.MethodRunner.runInSequence(MethodRunner.java:46)
	at org.testng.internal.TestInvoker$MethodInvocationAgent.invoke(TestInvoker.java:816)
	at org.testng.internal.TestInvoker.invokeTestMethods(TestInvoker.java:146)
	at org.testng.internal.TestMethodWorker.invokeTestMethods(TestMethodWorker.java:146)
	at org.testng.internal.TestMethodWorker.run(TestMethodWorker.java:128)
	at java.util.concurrent.ThreadPoolExecutor.runWorker(ThreadPoolExecutor.java:1149)
	at java.util.concurrent.ThreadPoolExecutor$Worker.run(ThreadPoolExecutor.java:624)
	at java.lang.Thread.run(Thread.java:748)


===============================================
    others
    Tests run: 4, Failures: 1, Skips: 0
===============================================

[TestNG] RUNNING: Suite: "camera" containing "5" Tests (config: E:\testProjects\ZengQiang\testng.xml)
[TestNG] INVOKING CONFIGURATION: "camera" - @BeforeTest camera.CameraTest.beforeTest()
0123456789ABCDEF01
deviceName : 0123456789ABCDEF01

确定按钮  存在
[TestNG] FAILED CONFIGURATION: "camera" - @BeforeTest camera.CameraTest.beforeTest() finished in 27581 ms
[TestNG] java.lang.NullPointerException
[TestNG] 	at camera.CameraTest.countPhoto(CameraTest.java:158)
[TestNG] 	at camera.CameraTest.beforeTest(CameraTest.java:110)
[TestNG] 	at sun.reflect.NativeMethodAccessorImpl.invoke0(Native Method)
[TestNG] 	at sun.reflect.NativeMethodAccessorImpl.invoke(NativeMethodAccessorImpl.java:62)
[TestNG] 	at sun.reflect.DelegatingMethodAccessorImpl.invoke(DelegatingMethodAccessorImpl.java:43)
[TestNG] 	at java.lang.reflect.Method.invoke(Method.java:498)
[TestNG] 	at org.testng.internal.MethodInvocationHelper.invokeMethod(MethodInvocationHelper.java:134)
[TestNG] 	at org.testng.internal.MethodInvocationHelper.invokeMethodConsideringTimeout(MethodInvocationHelper.java:63)
[TestNG] 	at org.testng.internal.ConfigInvoker.invokeConfigurationMethod(ConfigInvoker.java:348)
[TestNG] 	at org.testng.internal.ConfigInvoker.invokeConfigurations(ConfigInvoker.java:302)
[TestNG] 	at org.testng.TestRunner.invokeTestConfigurations(TestRunner.java:619)
[TestNG] 	at org.testng.TestRunner.beforeRun(TestRunner.java:609)
[TestNG] 	at org.testng.TestRunner.run(TestRunner.java:580)
[TestNG] 	at org.testng.SuiteRunner.runTest(SuiteRunner.java:384)
[TestNG] 	at org.testng.SuiteRunner.runSequentially(SuiteRunner.java:378)
[TestNG] 	at org.testng.SuiteRunner.privateRun(SuiteRunner.java:337)
[TestNG] 	at org.testng.SuiteRunner.run(SuiteRunner.java:286)
[TestNG] 	at org.testng.SuiteRunnerWorker.runSuite(SuiteRunnerWorker.java:53)
[TestNG] 	at org.testng.SuiteRunnerWorker.run(SuiteRunnerWorker.java:96)
[TestNG] 	at org.testng.TestNG.runSuitesSequentially(TestNG.java:1187)
[TestNG] 	at org.testng.TestNG.runSuitesLocally(TestNG.java:1109)
[TestNG] 	at org.testng.TestNG.runSuites(TestNG.java:1039)
[TestNG] 	at org.testng.TestNG.run(TestNG.java:1007)
[TestNG] 	at org.apache.maven.surefire.testng.TestNGExecutor.run(TestNGExecutor.java:283)
[TestNG] 	at org.apache.maven.surefire.testng.TestNGXmlTestSuite.execute(TestNGXmlTestSuite.java:75)
[TestNG] 	at org.apache.maven.surefire.testng.TestNGProvider.invoke(TestNGProvider.java:120)
[TestNG] 	at org.apache.maven.surefire.booter.ForkedBooter.invokeProviderInSameClassLoader(ForkedBooter.java:386)
[TestNG] 	at org.apache.maven.surefire.booter.ForkedBooter.runSuitesInProcess(ForkedBooter.java:323)
[TestNG] 	at org.apache.maven.surefire.booter.ForkedBooter.main(ForkedBooter.java:143)
]]></system-out>
    <system-err><![CDATA[三月 25, 2020 9:09:05 上午 io.appium.java_client.remote.AppiumCommandExecutor$1 lambda$0
信息: Detected dialect: W3C
]]></system-err>
  </testcase>
  <testcase name="beforeMethod" classname="camera.CameraTest" time="0">
    <skipped/>
    <system-out><![CDATA[[TestNG] SKIPPED CONFIGURATION: "camera" - @BeforeMethod camera.CameraTest.beforeMethod() finished in -1585098559136 ms
]]></system-out>
  </testcase>
  <testcase name="openCamera" classname="camera.CameraTest" time="0">
    <skipped/>
    <system-out><![CDATA[[TestNG] INVOKING: "camera" - camera.CameraTest.openCamera()
]]></system-out>
  </testcase>
  <testcase name="afterMethod" classname="camera.CameraTest" time="0">
    <skipped/>
    <system-out><![CDATA[[TestNG] SKIPPED: "camera" - camera.CameraTest.openCamera() finished in 0 ms
[TestNG] java.lang.NullPointerException
[TestNG] 	at camera.CameraTest.countPhoto(CameraTest.java:158)
[TestNG] 	at camera.CameraTest.beforeTest(CameraTest.java:110)
[TestNG] 	at sun.reflect.NativeMethodAccessorImpl.invoke0(Native Method)
[TestNG] 	at sun.reflect.NativeMethodAccessorImpl.invoke(NativeMethodAccessorImpl.java:62)
[TestNG] 	at sun.reflect.DelegatingMethodAccessorImpl.invoke(DelegatingMethodAccessorImpl.java:43)
[TestNG] 	at java.lang.reflect.Method.invoke(Method.java:498)
[TestNG] 	at org.testng.internal.MethodInvocationHelper.invokeMethod(MethodInvocationHelper.java:134)
[TestNG] 	at org.testng.internal.MethodInvocationHelper.invokeMethodConsideringTimeout(MethodInvocationHelper.java:63)
[TestNG] 	at org.testng.internal.ConfigInvoker.invokeConfigurationMethod(ConfigInvoker.java:348)
[TestNG] 	at org.testng.internal.ConfigInvoker.invokeConfigurations(ConfigInvoker.java:302)
[TestNG] 	at org.testng.TestRunner.invokeTestConfigurations(TestRunner.java:619)
[TestNG] 	at org.testng.TestRunner.beforeRun(TestRunner.java:609)
[TestNG] 	at org.testng.TestRunner.run(TestRunner.java:580)
[TestNG] 	at org.testng.SuiteRunner.runTest(SuiteRunner.java:384)
[TestNG] 	at org.testng.SuiteRunner.runSequentially(SuiteRunner.java:378)
[TestNG] 	at org.testng.SuiteRunner.privateRun(SuiteRunner.java:337)
[TestNG] 	at org.testng.SuiteRunner.run(SuiteRunner.java:286)
[TestNG] 	at org.testng.SuiteRunnerWorker.runSuite(SuiteRunnerWorker.java:53)
[TestNG] 	at org.testng.SuiteRunnerWorker.run(SuiteRunnerWorker.java:96)
[TestNG] 	at org.testng.TestNG.runSuitesSequentially(TestNG.java:1187)
[TestNG] 	at org.testng.TestNG.runSuitesLocally(TestNG.java:1109)
[TestNG] 	at org.testng.TestNG.runSuites(TestNG.java:1039)
[TestNG] 	at org.testng.TestNG.run(TestNG.java:1007)
[TestNG] 	at org.apache.maven.surefire.testng.TestNGExecutor.run(TestNGExecutor.java:283)
[TestNG] 	at org.apache.maven.surefire.testng.TestNGXmlTestSuite.execute(TestNGXmlTestSuite.java:75)
[TestNG] 	at org.apache.maven.surefire.testng.TestNGProvider.invoke(TestNGProvider.java:120)
[TestNG] 	at org.apache.maven.surefire.booter.ForkedBooter.invokeProviderInSameClassLoader(ForkedBooter.java:386)
[TestNG] 	at org.apache.maven.surefire.booter.ForkedBooter.runSuitesInProcess(ForkedBooter.java:323)
[TestNG] 	at org.apache.maven.surefire.booter.ForkedBooter.main(ForkedBooter.java:143)
[TestNG] SKIPPED CONFIGURATION: "camera" - @AfterMethod camera.CameraTest.afterMethod() finished in -1585098559136 ms
]]></system-out>
  </testcase>
  <testcase name="rearCamera" classname="camera.CameraTest" time="0">
    <skipped message="Method CameraTest.rearCamera()[pri:1, instance:camera.CameraTest@3d8314f0] depends on not successfully finished methods"/>
    <system-out><![CDATA[[TestNG] INVOKING: "camera" - camera.CameraTest.rearCamera()
]]></system-out>
  </testcase>
  <testcase name="frontCamera" classname="camera.CameraTest" time="0">
    <skipped message="Method CameraTest.frontCamera()[pri:2, instance:camera.CameraTest@3d8314f0] depends on not successfully finished methods"/>
    <system-out><![CDATA[[TestNG] SKIPPED: "camera" - camera.CameraTest.rearCamera() finished in 0 ms
[TestNG] java.lang.Throwable: Method CameraTest.rearCamera()[pri:1, instance:camera.CameraTest@3d8314f0] depends on not successfully finished methods
[TestNG] 	at org.testng.internal.TestInvoker.invokeTestMethods(TestInvoker.java:101)
[TestNG] 	at org.testng.internal.TestMethodWorker.invokeTestMethods(TestMethodWorker.java:146)
[TestNG] 	at org.testng.internal.TestMethodWorker.run(TestMethodWorker.java:128)
[TestNG] 	at java.util.concurrent.ThreadPoolExecutor.runWorker(ThreadPoolExecutor.java:1149)
[TestNG] 	at java.util.concurrent.ThreadPoolExecutor$Worker.run(ThreadPoolExecutor.java:624)
[TestNG] 	at java.lang.Thread.run(Thread.java:748)
[TestNG] INVOKING: "camera" - camera.CameraTest.frontCamera()
]]></system-out>
  </testcase>
  <testcase name="frontVideo" classname="camera.CameraTest" time="0">
    <skipped message="Method CameraTest.frontVideo()[pri:3, instance:camera.CameraTest@3d8314f0] depends on not successfully finished methods"/>
    <system-out><![CDATA[[TestNG] SKIPPED: "camera" - camera.CameraTest.frontCamera() finished in 0 ms
[TestNG] java.lang.Throwable: Method CameraTest.frontCamera()[pri:2, instance:camera.CameraTest@3d8314f0] depends on not successfully finished methods
[TestNG] 	at org.testng.internal.TestInvoker.invokeTestMethods(TestInvoker.java:101)
[TestNG] 	at org.testng.internal.TestMethodWorker.invokeTestMethods(TestMethodWorker.java:146)
[TestNG] 	at org.testng.internal.TestMethodWorker.run(TestMethodWorker.java:128)
[TestNG] 	at java.util.concurrent.ThreadPoolExecutor.runWorker(ThreadPoolExecutor.java:1149)
[TestNG] 	at java.util.concurrent.ThreadPoolExecutor$Worker.run(ThreadPoolExecutor.java:624)
[TestNG] 	at java.lang.Thread.run(Thread.java:748)
[TestNG] INVOKING: "camera" - camera.CameraTest.frontVideo()
]]></system-out>
  </testcase>
  <testcase name="rearVideo" classname="camera.CameraTest" time="0">
    <skipped message="Method CameraTest.rearVideo()[pri:4, instance:camera.CameraTest@3d8314f0] depends on not successfully finished methods"/>
    <system-out><![CDATA[[TestNG] SKIPPED: "camera" - camera.CameraTest.frontVideo() finished in 0 ms
[TestNG] java.lang.Throwable: Method CameraTest.frontVideo()[pri:3, instance:camera.CameraTest@3d8314f0] depends on not successfully finished methods
[TestNG] 	at org.testng.internal.TestInvoker.invokeTestMethods(TestInvoker.java:101)
[TestNG] 	at org.testng.internal.TestMethodWorker.invokeTestMethods(TestMethodWorker.java:146)
[TestNG] 	at org.testng.internal.TestMethodWorker.run(TestMethodWorker.java:128)
[TestNG] 	at java.util.concurrent.ThreadPoolExecutor.runWorker(ThreadPoolExecutor.java:1149)
[TestNG] 	at java.util.concurrent.ThreadPoolExecutor$Worker.run(ThreadPoolExecutor.java:624)
[TestNG] 	at java.lang.Thread.run(Thread.java:748)
[TestNG] INVOKING: "camera" - camera.CameraTest.rearVideo()
]]></system-out>
  </testcase>
  <testcase name="afterTest" classname="camera.CameraTest" time="0">
    <skipped/>
    <system-out><![CDATA[[TestNG] SKIPPED: "camera" - camera.CameraTest.rearVideo() finished in 0 ms
[TestNG] java.lang.Throwable: Method CameraTest.rearVideo()[pri:4, instance:camera.CameraTest@3d8314f0] depends on not successfully finished methods
[TestNG] 	at org.testng.internal.TestInvoker.invokeTestMethods(TestInvoker.java:101)
[TestNG] 	at org.testng.internal.TestMethodWorker.invokeTestMethods(TestMethodWorker.java:146)
[TestNG] 	at org.testng.internal.TestMethodWorker.run(TestMethodWorker.java:128)
[TestNG] 	at java.util.concurrent.ThreadPoolExecutor.runWorker(ThreadPoolExecutor.java:1149)
[TestNG] 	at java.util.concurrent.ThreadPoolExecutor$Worker.run(ThreadPoolExecutor.java:624)
[TestNG] 	at java.lang.Thread.run(Thread.java:748)
[TestNG] SKIPPED CONFIGURATION: "camera" - @AfterTest camera.CameraTest.afterTest() finished in -1585098559152 ms
]]></system-out>
  </testcase>
  <testcase name="pullFileToPc" classname="fileExplorer.FileExplorerTest" time="0.125"/>
  <testcase name="pushFileToDevice" classname="fileExplorer.FileExplorerTest" time="0.141"/>
  <testcase name="createHandwritingNote" classname="notepad.NotepadTest" time="7.675">
    <failure type="java.lang.NullPointerException">java.lang.NullPointerException
	at notepad.NotepadTest.createHandwritingNote(NotepadTest.java:98)
</failure>
    <system-out><![CDATA[[TestNG] PASSED: "fileExplorer" - fileExplorer.FileExplorerTest.pushFileToDevice() finished in 141 ms
[TestNG] INVOKING CONFIGURATION: "fileExplorer" - @AfterTest fileExplorer.FileExplorerTest.afterTest()
[TestNG] PASSED CONFIGURATION: "fileExplorer" - @AfterTest fileExplorer.FileExplorerTest.afterTest() finished in 3790 ms
===== Invoked methods
  FileExplorerTest.beforeTest()[pri:0, instance:fileExplorer.FileExplorerTest@2f490758] 793315160
    FileExplorerTest.pullFileToPc()[pri:0, instance:fileExplorer.FileExplorerTest@2f490758] 793315160
    FileExplorerTest.pushFileToDevice()[pri:0, instance:fileExplorer.FileExplorerTest@2f490758] 793315160
  FileExplorerTest.afterTest()[pri:0, instance:fileExplorer.FileExplorerTest@2f490758] 793315160
=====
PASSED: openCalendar
PASSED: newSchedule
PASSED: deleteSchedule
PASSED: pullFileToPc
PASSED: pushFileToDevice
FAILED: location
java.lang.NullPointerException
	at setting.SettingTest.location(SettingTest.java:71)
	at sun.reflect.NativeMethodAccessorImpl.invoke0(Native Method)
	at sun.reflect.NativeMethodAccessorImpl.invoke(NativeMethodAccessorImpl.java:62)
	at sun.reflect.DelegatingMethodAccessorImpl.invoke(DelegatingMethodAccessorImpl.java:43)
	at java.lang.reflect.Method.invoke(Method.java:498)
	at org.testng.internal.MethodInvocationHelper.invokeMethod(MethodInvocationHelper.java:134)
	at org.testng.internal.TestInvoker.invokeMethod(TestInvoker.java:597)
	at org.testng.internal.TestInvoker.invokeTestMethod(TestInvoker.java:173)
	at org.testng.internal.MethodRunner.runInSequence(MethodRunner.java:46)
	at org.testng.internal.TestInvoker$MethodInvocationAgent.invoke(TestInvoker.java:816)
	at org.testng.internal.TestInvoker.invokeTestMethods(TestInvoker.java:146)
	at org.testng.internal.TestMethodWorker.invokeTestMethods(TestMethodWorker.java:146)
	at org.testng.internal.TestMethodWorker.run(TestMethodWorker.java:128)
	at java.util.concurrent.ThreadPoolExecutor.runWorker(ThreadPoolExecutor.java:1149)
	at java.util.concurrent.ThreadPoolExecutor$Worker.run(ThreadPoolExecutor.java:624)
	at java.lang.Thread.run(Thread.java:748)

SKIPPED: openCamera
java.lang.NullPointerException
	at camera.CameraTest.countPhoto(CameraTest.java:158)
	at camera.CameraTest.beforeTest(CameraTest.java:110)
	at sun.reflect.NativeMethodAccessorImpl.invoke0(Native Method)
	at sun.reflect.NativeMethodAccessorImpl.invoke(NativeMethodAccessorImpl.java:62)
	at sun.reflect.DelegatingMethodAccessorImpl.invoke(DelegatingMethodAccessorImpl.java:43)
	at java.lang.reflect.Method.invoke(Method.java:498)
	at org.testng.internal.MethodInvocationHelper.invokeMethod(MethodInvocationHelper.java:134)
	at org.testng.internal.MethodInvocationHelper.invokeMethodConsideringTimeout(MethodInvocationHelper.java:63)
	at org.testng.internal.ConfigInvoker.invokeConfigurationMethod(ConfigInvoker.java:348)
	at org.testng.internal.ConfigInvoker.invokeConfigurations(ConfigInvoker.java:302)
	at org.testng.TestRunner.invokeTestConfigurations(TestRunner.java:619)
	at org.testng.TestRunner.beforeRun(TestRunner.java:609)
	at org.testng.TestRunner.run(TestRunner.java:580)
	at org.testng.SuiteRunner.runTest(SuiteRunner.java:384)
	at org.testng.SuiteRunner.runSequentially(SuiteRunner.java:378)
	at org.testng.SuiteRunner.privateRun(SuiteRunner.java:337)
	at org.testng.SuiteRunner.run(SuiteRunner.java:286)
	at org.testng.SuiteRunnerWorker.runSuite(SuiteRunnerWorker.java:53)
	at org.testng.SuiteRunnerWorker.run(SuiteRunnerWorker.java:96)
	at org.testng.TestNG.runSuitesSequentially(TestNG.java:1187)
	at org.testng.TestNG.runSuitesLocally(TestNG.java:1109)
	at org.testng.TestNG.runSuites(TestNG.java:1039)
	at org.testng.TestNG.run(TestNG.java:1007)
	at org.apache.maven.surefire.testng.TestNGExecutor.run(TestNGExecutor.java:283)
	at org.apache.maven.surefire.testng.TestNGXmlTestSuite.execute(TestNGXmlTestSuite.java:75)
	at org.apache.maven.surefire.testng.TestNGProvider.invoke(TestNGProvider.java:120)
	at org.apache.maven.surefire.booter.ForkedBooter.invokeProviderInSameClassLoader(ForkedBooter.java:386)
	at org.apache.maven.surefire.booter.ForkedBooter.runSuitesInProcess(ForkedBooter.java:323)
	at org.apache.maven.surefire.booter.ForkedBooter.main(ForkedBooter.java:143)

SKIPPED: rearCamera
java.lang.Throwable: Method CameraTest.rearCamera()[pri:1, instance:camera.CameraTest@3d8314f0] depends on not successfully finished methods
	at org.testng.internal.TestInvoker.invokeTestMethods(TestInvoker.java:101)
	at org.testng.internal.TestMethodWorker.invokeTestMethods(TestMethodWorker.java:146)
	at org.testng.internal.TestMethodWorker.run(TestMethodWorker.java:128)
	at java.util.concurrent.ThreadPoolExecutor.runWorker(ThreadPoolExecutor.java:1149)
	at java.util.concurrent.ThreadPoolExecutor$Worker.run(ThreadPoolExecutor.java:624)
	at java.lang.Thread.run(Thread.java:748)

SKIPPED: frontCamera
java.lang.Throwable: Method CameraTest.frontCamera()[pri:2, instance:camera.CameraTest@3d8314f0] depends on not successfully finished methods
	at org.testng.internal.TestInvoker.invokeTestMethods(TestInvoker.java:101)
	at org.testng.internal.TestMethodWorker.invokeTestMethods(TestMethodWorker.java:146)
	at org.testng.internal.TestMethodWorker.run(TestMethodWorker.java:128)
	at java.util.concurrent.ThreadPoolExecutor.runWorker(ThreadPoolExecutor.java:1149)
	at java.util.concurrent.ThreadPoolExecutor$Worker.run(ThreadPoolExecutor.java:624)
	at java.lang.Thread.run(Thread.java:748)

SKIPPED: frontVideo
java.lang.Throwable: Method CameraTest.frontVideo()[pri:3, instance:camera.CameraTest@3d8314f0] depends on not successfully finished methods
	at org.testng.internal.TestInvoker.invokeTestMethods(TestInvoker.java:101)
	at org.testng.internal.TestMethodWorker.invokeTestMethods(TestMethodWorker.java:146)
	at org.testng.internal.TestMethodWorker.run(TestMethodWorker.java:128)
	at java.util.concurrent.ThreadPoolExecutor.runWorker(ThreadPoolExecutor.java:1149)
	at java.util.concurrent.ThreadPoolExecutor$Worker.run(ThreadPoolExecutor.java:624)
	at java.lang.Thread.run(Thread.java:748)

SKIPPED: rearVideo
java.lang.Throwable: Method CameraTest.rearVideo()[pri:4, instance:camera.CameraTest@3d8314f0] depends on not successfully finished methods
	at org.testng.internal.TestInvoker.invokeTestMethods(TestInvoker.java:101)
	at org.testng.internal.TestMethodWorker.invokeTestMethods(TestMethodWorker.java:146)
	at org.testng.internal.TestMethodWorker.run(TestMethodWorker.java:128)
	at java.util.concurrent.ThreadPoolExecutor.runWorker(ThreadPoolExecutor.java:1149)
	at java.util.concurrent.ThreadPoolExecutor$Worker.run(ThreadPoolExecutor.java:624)
	at java.lang.Thread.run(Thread.java:748)


===============================================
    fileExplorer
    Tests run: 11, Failures: 1, Skips: 5
===============================================

[TestNG] 
[TestNG] ===============================================
[TestNG]     fileExplorer
[TestNG]     Tests run: 11, Failures: 1, Skips: 5
[TestNG]     Configuration Failures: 1, Skips: 3
[TestNG] ===============================================
PASSED: openCalendar
PASSED: newSchedule
PASSED: deleteSchedule
PASSED: pullFileToPc
PASSED: pushFileToDevice
FAILED: location
java.lang.NullPointerException
	at setting.SettingTest.location(SettingTest.java:71)
	at sun.reflect.NativeMethodAccessorImpl.invoke0(Native Method)
	at sun.reflect.NativeMethodAccessorImpl.invoke(NativeMethodAccessorImpl.java:62)
	at sun.reflect.DelegatingMethodAccessorImpl.invoke(DelegatingMethodAccessorImpl.java:43)
	at java.lang.reflect.Method.invoke(Method.java:498)
	at org.testng.internal.MethodInvocationHelper.invokeMethod(MethodInvocationHelper.java:134)
	at org.testng.internal.TestInvoker.invokeMethod(TestInvoker.java:597)
	at org.testng.internal.TestInvoker.invokeTestMethod(TestInvoker.java:173)
	at org.testng.internal.MethodRunner.runInSequence(MethodRunner.java:46)
	at org.testng.internal.TestInvoker$MethodInvocationAgent.invoke(TestInvoker.java:816)
	at org.testng.internal.TestInvoker.invokeTestMethods(TestInvoker.java:146)
	at org.testng.internal.TestMethodWorker.invokeTestMethods(TestMethodWorker.java:146)
	at org.testng.internal.TestMethodWorker.run(TestMethodWorker.java:128)
	at java.util.concurrent.ThreadPoolExecutor.runWorker(ThreadPoolExecutor.java:1149)
	at java.util.concurrent.ThreadPoolExecutor$Worker.run(ThreadPoolExecutor.java:624)
	at java.lang.Thread.run(Thread.java:748)

SKIPPED: openCamera
java.lang.NullPointerException
	at camera.CameraTest.countPhoto(CameraTest.java:158)
	at camera.CameraTest.beforeTest(CameraTest.java:110)
	at sun.reflect.NativeMethodAccessorImpl.invoke0(Native Method)
	at sun.reflect.NativeMethodAccessorImpl.invoke(NativeMethodAccessorImpl.java:62)
	at sun.reflect.DelegatingMethodAccessorImpl.invoke(DelegatingMethodAccessorImpl.java:43)
	at java.lang.reflect.Method.invoke(Method.java:498)
	at org.testng.internal.MethodInvocationHelper.invokeMethod(MethodInvocationHelper.java:134)
	at org.testng.internal.MethodInvocationHelper.invokeMethodConsideringTimeout(MethodInvocationHelper.java:63)
	at org.testng.internal.ConfigInvoker.invokeConfigurationMethod(ConfigInvoker.java:348)
	at org.testng.internal.ConfigInvoker.invokeConfigurations(ConfigInvoker.java:302)
	at org.testng.TestRunner.invokeTestConfigurations(TestRunner.java:619)
	at org.testng.TestRunner.beforeRun(TestRunner.java:609)
	at org.testng.TestRunner.run(TestRunner.java:580)
	at org.testng.SuiteRunner.runTest(SuiteRunner.java:384)
	at org.testng.SuiteRunner.runSequentially(SuiteRunner.java:378)
	at org.testng.SuiteRunner.privateRun(SuiteRunner.java:337)
	at org.testng.SuiteRunner.run(SuiteRunner.java:286)
	at org.testng.SuiteRunnerWorker.runSuite(SuiteRunnerWorker.java:53)
	at org.testng.SuiteRunnerWorker.run(SuiteRunnerWorker.java:96)
	at org.testng.TestNG.runSuitesSequentially(TestNG.java:1187)
	at org.testng.TestNG.runSuitesLocally(TestNG.java:1109)
	at org.testng.TestNG.runSuites(TestNG.java:1039)
	at org.testng.TestNG.run(TestNG.java:1007)
	at org.apache.maven.surefire.testng.TestNGExecutor.run(TestNGExecutor.java:283)
	at org.apache.maven.surefire.testng.TestNGXmlTestSuite.execute(TestNGXmlTestSuite.java:75)
	at org.apache.maven.surefire.testng.TestNGProvider.invoke(TestNGProvider.java:120)
	at org.apache.maven.surefire.booter.ForkedBooter.invokeProviderInSameClassLoader(ForkedBooter.java:386)
	at org.apache.maven.surefire.booter.ForkedBooter.runSuitesInProcess(ForkedBooter.java:323)
	at org.apache.maven.surefire.booter.ForkedBooter.main(ForkedBooter.java:143)

SKIPPED: rearCamera
java.lang.Throwable: Method CameraTest.rearCamera()[pri:1, instance:camera.CameraTest@3d8314f0] depends on not successfully finished methods
	at org.testng.internal.TestInvoker.invokeTestMethods(TestInvoker.java:101)
	at org.testng.internal.TestMethodWorker.invokeTestMethods(TestMethodWorker.java:146)
	at org.testng.internal.TestMethodWorker.run(TestMethodWorker.java:128)
	at java.util.concurrent.ThreadPoolExecutor.runWorker(ThreadPoolExecutor.java:1149)
	at java.util.concurrent.ThreadPoolExecutor$Worker.run(ThreadPoolExecutor.java:624)
	at java.lang.Thread.run(Thread.java:748)

SKIPPED: frontCamera
java.lang.Throwable: Method CameraTest.frontCamera()[pri:2, instance:camera.CameraTest@3d8314f0] depends on not successfully finished methods
	at org.testng.internal.TestInvoker.invokeTestMethods(TestInvoker.java:101)
	at org.testng.internal.TestMethodWorker.invokeTestMethods(TestMethodWorker.java:146)
	at org.testng.internal.TestMethodWorker.run(TestMethodWorker.java:128)
	at java.util.concurrent.ThreadPoolExecutor.runWorker(ThreadPoolExecutor.java:1149)
	at java.util.concurrent.ThreadPoolExecutor$Worker.run(ThreadPoolExecutor.java:624)
	at java.lang.Thread.run(Thread.java:748)

SKIPPED: frontVideo
java.lang.Throwable: Method CameraTest.frontVideo()[pri:3, instance:camera.CameraTest@3d8314f0] depends on not successfully finished methods
	at org.testng.internal.TestInvoker.invokeTestMethods(TestInvoker.java:101)
	at org.testng.internal.TestMethodWorker.invokeTestMethods(TestMethodWorker.java:146)
	at org.testng.internal.TestMethodWorker.run(TestMethodWorker.java:128)
	at java.util.concurrent.ThreadPoolExecutor.runWorker(ThreadPoolExecutor.java:1149)
	at java.util.concurrent.ThreadPoolExecutor$Worker.run(ThreadPoolExecutor.java:624)
	at java.lang.Thread.run(Thread.java:748)

SKIPPED: rearVideo
java.lang.Throwable: Method CameraTest.rearVideo()[pri:4, instance:camera.CameraTest@3d8314f0] depends on not successfully finished methods
	at org.testng.internal.TestInvoker.invokeTestMethods(TestInvoker.java:101)
	at org.testng.internal.TestMethodWorker.invokeTestMethods(TestMethodWorker.java:146)
	at org.testng.internal.TestMethodWorker.run(TestMethodWorker.java:128)
	at java.util.concurrent.ThreadPoolExecutor.runWorker(ThreadPoolExecutor.java:1149)
	at java.util.concurrent.ThreadPoolExecutor$Worker.run(ThreadPoolExecutor.java:624)
	at java.lang.Thread.run(Thread.java:748)


===============================================
    notepad
    Tests run: 11, Failures: 1, Skips: 5
===============================================

PASSED: openCalendar
PASSED: newSchedule
PASSED: deleteSchedule
PASSED: pullFileToPc
PASSED: pushFileToDevice
FAILED: location
java.lang.NullPointerException
	at setting.SettingTest.location(SettingTest.java:71)
	at sun.reflect.NativeMethodAccessorImpl.invoke0(Native Method)
	at sun.reflect.NativeMethodAccessorImpl.invoke(NativeMethodAccessorImpl.java:62)
	at sun.reflect.DelegatingMethodAccessorImpl.invoke(DelegatingMethodAccessorImpl.java:43)
	at java.lang.reflect.Method.invoke(Method.java:498)
	at org.testng.internal.MethodInvocationHelper.invokeMethod(MethodInvocationHelper.java:134)
	at org.testng.internal.TestInvoker.invokeMethod(TestInvoker.java:597)
	at org.testng.internal.TestInvoker.invokeTestMethod(TestInvoker.java:173)
	at org.testng.internal.MethodRunner.runInSequence(MethodRunner.java:46)
	at org.testng.internal.TestInvoker$MethodInvocationAgent.invoke(TestInvoker.java:816)
	at org.testng.internal.TestInvoker.invokeTestMethods(TestInvoker.java:146)
	at org.testng.internal.TestMethodWorker.invokeTestMethods(TestMethodWorker.java:146)
	at org.testng.internal.TestMethodWorker.run(TestMethodWorker.java:128)
	at java.util.concurrent.ThreadPoolExecutor.runWorker(ThreadPoolExecutor.java:1149)
	at java.util.concurrent.ThreadPoolExecutor$Worker.run(ThreadPoolExecutor.java:624)
	at java.lang.Thread.run(Thread.java:748)

SKIPPED: openCamera
java.lang.NullPointerException
	at camera.CameraTest.countPhoto(CameraTest.java:158)
	at camera.CameraTest.beforeTest(CameraTest.java:110)
	at sun.reflect.NativeMethodAccessorImpl.invoke0(Native Method)
	at sun.reflect.NativeMethodAccessorImpl.invoke(NativeMethodAccessorImpl.java:62)
	at sun.reflect.DelegatingMethodAccessorImpl.invoke(DelegatingMethodAccessorImpl.java:43)
	at java.lang.reflect.Method.invoke(Method.java:498)
	at org.testng.internal.MethodInvocationHelper.invokeMethod(MethodInvocationHelper.java:134)
	at org.testng.internal.MethodInvocationHelper.invokeMethodConsideringTimeout(MethodInvocationHelper.java:63)
	at org.testng.internal.ConfigInvoker.invokeConfigurationMethod(ConfigInvoker.java:348)
	at org.testng.internal.ConfigInvoker.invokeConfigurations(ConfigInvoker.java:302)
	at org.testng.TestRunner.invokeTestConfigurations(TestRunner.java:619)
	at org.testng.TestRunner.beforeRun(TestRunner.java:609)
	at org.testng.TestRunner.run(TestRunner.java:580)
	at org.testng.SuiteRunner.runTest(SuiteRunner.java:384)
	at org.testng.SuiteRunner.runSequentially(SuiteRunner.java:378)
	at org.testng.SuiteRunner.privateRun(SuiteRunner.java:337)
	at org.testng.SuiteRunner.run(SuiteRunner.java:286)
	at org.testng.SuiteRunnerWorker.runSuite(SuiteRunnerWorker.java:53)
	at org.testng.SuiteRunnerWorker.run(SuiteRunnerWorker.java:96)
	at org.testng.TestNG.runSuitesSequentially(TestNG.java:1187)
	at org.testng.TestNG.runSuitesLocally(TestNG.java:1109)
	at org.testng.TestNG.runSuites(TestNG.java:1039)
	at org.testng.TestNG.run(TestNG.java:1007)
	at org.apache.maven.surefire.testng.TestNGExecutor.run(TestNGExecutor.java:283)
	at org.apache.maven.surefire.testng.TestNGXmlTestSuite.execute(TestNGXmlTestSuite.java:75)
	at org.apache.maven.surefire.testng.TestNGProvider.invoke(TestNGProvider.java:120)
	at org.apache.maven.surefire.booter.ForkedBooter.invokeProviderInSameClassLoader(ForkedBooter.java:386)
	at org.apache.maven.surefire.booter.ForkedBooter.runSuitesInProcess(ForkedBooter.java:323)
	at org.apache.maven.surefire.booter.ForkedBooter.main(ForkedBooter.java:143)

SKIPPED: rearCamera
java.lang.Throwable: Method CameraTest.rearCamera()[pri:1, instance:camera.CameraTest@3d8314f0] depends on not successfully finished methods
	at org.testng.internal.TestInvoker.invokeTestMethods(TestInvoker.java:101)
	at org.testng.internal.TestMethodWorker.invokeTestMethods(TestMethodWorker.java:146)
	at org.testng.internal.TestMethodWorker.run(TestMethodWorker.java:128)
	at java.util.concurrent.ThreadPoolExecutor.runWorker(ThreadPoolExecutor.java:1149)
	at java.util.concurrent.ThreadPoolExecutor$Worker.run(ThreadPoolExecutor.java:624)
	at java.lang.Thread.run(Thread.java:748)

SKIPPED: frontCamera
java.lang.Throwable: Method CameraTest.frontCamera()[pri:2, instance:camera.CameraTest@3d8314f0] depends on not successfully finished methods
	at org.testng.internal.TestInvoker.invokeTestMethods(TestInvoker.java:101)
	at org.testng.internal.TestMethodWorker.invokeTestMethods(TestMethodWorker.java:146)
	at org.testng.internal.TestMethodWorker.run(TestMethodWorker.java:128)
	at java.util.concurrent.ThreadPoolExecutor.runWorker(ThreadPoolExecutor.java:1149)
	at java.util.concurrent.ThreadPoolExecutor$Worker.run(ThreadPoolExecutor.java:624)
	at java.lang.Thread.run(Thread.java:748)

SKIPPED: frontVideo
java.lang.Throwable: Method CameraTest.frontVideo()[pri:3, instance:camera.CameraTest@3d8314f0] depends on not successfully finished methods
	at org.testng.internal.TestInvoker.invokeTestMethods(TestInvoker.java:101)
	at org.testng.internal.TestMethodWorker.invokeTestMethods(TestMethodWorker.java:146)
	at org.testng.internal.TestMethodWorker.run(TestMethodWorker.java:128)
	at java.util.concurrent.ThreadPoolExecutor.runWorker(ThreadPoolExecutor.java:1149)
	at java.util.concurrent.ThreadPoolExecutor$Worker.run(ThreadPoolExecutor.java:624)
	at java.lang.Thread.run(Thread.java:748)

SKIPPED: rearVideo
java.lang.Throwable: Method CameraTest.rearVideo()[pri:4, instance:camera.CameraTest@3d8314f0] depends on not successfully finished methods
	at org.testng.internal.TestInvoker.invokeTestMethods(TestInvoker.java:101)
	at org.testng.internal.TestMethodWorker.invokeTestMethods(TestMethodWorker.java:146)
	at org.testng.internal.TestMethodWorker.run(TestMethodWorker.java:128)
	at java.util.concurrent.ThreadPoolExecutor.runWorker(ThreadPoolExecutor.java:1149)
	at java.util.concurrent.ThreadPoolExecutor$Worker.run(ThreadPoolExecutor.java:624)
	at java.lang.Thread.run(Thread.java:748)


===============================================
    contacts
    Tests run: 11, Failures: 1, Skips: 5
===============================================

PASSED: openCalendar
PASSED: newSchedule
PASSED: deleteSchedule
PASSED: pullFileToPc
PASSED: pushFileToDevice
FAILED: location
java.lang.NullPointerException
	at setting.SettingTest.location(SettingTest.java:71)
	at sun.reflect.NativeMethodAccessorImpl.invoke0(Native Method)
	at sun.reflect.NativeMethodAccessorImpl.invoke(NativeMethodAccessorImpl.java:62)
	at sun.reflect.DelegatingMethodAccessorImpl.invoke(DelegatingMethodAccessorImpl.java:43)
	at java.lang.reflect.Method.invoke(Method.java:498)
	at org.testng.internal.MethodInvocationHelper.invokeMethod(MethodInvocationHelper.java:134)
	at org.testng.internal.TestInvoker.invokeMethod(TestInvoker.java:597)
	at org.testng.internal.TestInvoker.invokeTestMethod(TestInvoker.java:173)
	at org.testng.internal.MethodRunner.runInSequence(MethodRunner.java:46)
	at org.testng.internal.TestInvoker$MethodInvocationAgent.invoke(TestInvoker.java:816)
	at org.testng.internal.TestInvoker.invokeTestMethods(TestInvoker.java:146)
	at org.testng.internal.TestMethodWorker.invokeTestMethods(TestMethodWorker.java:146)
	at org.testng.internal.TestMethodWorker.run(TestMethodWorker.java:128)
	at java.util.concurrent.ThreadPoolExecutor.runWorker(ThreadPoolExecutor.java:1149)
	at java.util.concurrent.ThreadPoolExecutor$Worker.run(ThreadPoolExecutor.java:624)
	at java.lang.Thread.run(Thread.java:748)

SKIPPED: openCamera
java.lang.NullPointerException
	at camera.CameraTest.countPhoto(CameraTest.java:158)
	at camera.CameraTest.beforeTest(CameraTest.java:110)
	at sun.reflect.NativeMethodAccessorImpl.invoke0(Native Method)
	at sun.reflect.NativeMethodAccessorImpl.invoke(NativeMethodAccessorImpl.java:62)
	at sun.reflect.DelegatingMethodAccessorImpl.invoke(DelegatingMethodAccessorImpl.java:43)
	at java.lang.reflect.Method.invoke(Method.java:498)
	at org.testng.internal.MethodInvocationHelper.invokeMethod(MethodInvocationHelper.java:134)
	at org.testng.internal.MethodInvocationHelper.invokeMethodConsideringTimeout(MethodInvocationHelper.java:63)
	at org.testng.internal.ConfigInvoker.invokeConfigurationMethod(ConfigInvoker.java:348)
	at org.testng.internal.ConfigInvoker.invokeConfigurations(ConfigInvoker.java:302)
	at org.testng.TestRunner.invokeTestConfigurations(TestRunner.java:619)
	at org.testng.TestRunner.beforeRun(TestRunner.java:609)
	at org.testng.TestRunner.run(TestRunner.java:580)
	at org.testng.SuiteRunner.runTest(SuiteRunner.java:384)
	at org.testng.SuiteRunner.runSequentially(SuiteRunner.java:378)
	at org.testng.SuiteRunner.privateRun(SuiteRunner.java:337)
	at org.testng.SuiteRunner.run(SuiteRunner.java:286)
	at org.testng.SuiteRunnerWorker.runSuite(SuiteRunnerWorker.java:53)
	at org.testng.SuiteRunnerWorker.run(SuiteRunnerWorker.java:96)
	at org.testng.TestNG.runSuitesSequentially(TestNG.java:1187)
	at org.testng.TestNG.runSuitesLocally(TestNG.java:1109)
	at org.testng.TestNG.runSuites(TestNG.java:1039)
	at org.testng.TestNG.run(TestNG.java:1007)
	at org.apache.maven.surefire.testng.TestNGExecutor.run(TestNGExecutor.java:283)
	at org.apache.maven.surefire.testng.TestNGXmlTestSuite.execute(TestNGXmlTestSuite.java:75)
	at org.apache.maven.surefire.testng.TestNGProvider.invoke(TestNGProvider.java:120)
	at org.apache.maven.surefire.booter.ForkedBooter.invokeProviderInSameClassLoader(ForkedBooter.java:386)
	at org.apache.maven.surefire.booter.ForkedBooter.runSuitesInProcess(ForkedBooter.java:323)
	at org.apache.maven.surefire.booter.ForkedBooter.main(ForkedBooter.java:143)

SKIPPED: rearCamera
java.lang.Throwable: Method CameraTest.rearCamera()[pri:1, instance:camera.CameraTest@3d8314f0] depends on not successfully finished methods
	at org.testng.internal.TestInvoker.invokeTestMethods(TestInvoker.java:101)
	at org.testng.internal.TestMethodWorker.invokeTestMethods(TestMethodWorker.java:146)
	at org.testng.internal.TestMethodWorker.run(TestMethodWorker.java:128)
	at java.util.concurrent.ThreadPoolExecutor.runWorker(ThreadPoolExecutor.java:1149)
	at java.util.concurrent.ThreadPoolExecutor$Worker.run(ThreadPoolExecutor.java:624)
	at java.lang.Thread.run(Thread.java:748)

SKIPPED: frontCamera
java.lang.Throwable: Method CameraTest.frontCamera()[pri:2, instance:camera.CameraTest@3d8314f0] depends on not successfully finished methods
	at org.testng.internal.TestInvoker.invokeTestMethods(TestInvoker.java:101)
	at org.testng.internal.TestMethodWorker.invokeTestMethods(TestMethodWorker.java:146)
	at org.testng.internal.TestMethodWorker.run(TestMethodWorker.java:128)
	at java.util.concurrent.ThreadPoolExecutor.runWorker(ThreadPoolExecutor.java:1149)
	at java.util.concurrent.ThreadPoolExecutor$Worker.run(ThreadPoolExecutor.java:624)
	at java.lang.Thread.run(Thread.java:748)

SKIPPED: frontVideo
java.lang.Throwable: Method CameraTest.frontVideo()[pri:3, instance:camera.CameraTest@3d8314f0] depends on not successfully finished methods
	at org.testng.internal.TestInvoker.invokeTestMethods(TestInvoker.java:101)
	at org.testng.internal.TestMethodWorker.invokeTestMethods(TestMethodWorker.java:146)
	at org.testng.internal.TestMethodWorker.run(TestMethodWorker.java:128)
	at java.util.concurrent.ThreadPoolExecutor.runWorker(ThreadPoolExecutor.java:1149)
	at java.util.concurrent.ThreadPoolExecutor$Worker.run(ThreadPoolExecutor.java:624)
	at java.lang.Thread.run(Thread.java:748)

SKIPPED: rearVideo
java.lang.Throwable: Method CameraTest.rearVideo()[pri:4, instance:camera.CameraTest@3d8314f0] depends on not successfully finished methods
	at org.testng.internal.TestInvoker.invokeTestMethods(TestInvoker.java:101)
	at org.testng.internal.TestMethodWorker.invokeTestMethods(TestMethodWorker.java:146)
	at org.testng.internal.TestMethodWorker.run(TestMethodWorker.java:128)
	at java.util.concurrent.ThreadPoolExecutor.runWorker(ThreadPoolExecutor.java:1149)
	at java.util.concurrent.ThreadPoolExecutor$Worker.run(ThreadPoolExecutor.java:624)
	at java.lang.Thread.run(Thread.java:748)


===============================================
    dataService
    Tests run: 11, Failures: 1, Skips: 5
===============================================

PASSED: openCalendar
PASSED: newSchedule
PASSED: deleteSchedule
PASSED: pullFileToPc
PASSED: pushFileToDevice
FAILED: location
java.lang.NullPointerException
	at setting.SettingTest.location(SettingTest.java:71)
	at sun.reflect.NativeMethodAccessorImpl.invoke0(Native Method)
	at sun.reflect.NativeMethodAccessorImpl.invoke(NativeMethodAccessorImpl.java:62)
	at sun.reflect.DelegatingMethodAccessorImpl.invoke(DelegatingMethodAccessorImpl.java:43)
	at java.lang.reflect.Method.invoke(Method.java:498)
	at org.testng.internal.MethodInvocationHelper.invokeMethod(MethodInvocationHelper.java:134)
	at org.testng.internal.TestInvoker.invokeMethod(TestInvoker.java:597)
	at org.testng.internal.TestInvoker.invokeTestMethod(TestInvoker.java:173)
	at org.testng.internal.MethodRunner.runInSequence(MethodRunner.java:46)
	at org.testng.internal.TestInvoker$MethodInvocationAgent.invoke(TestInvoker.java:816)
	at org.testng.internal.TestInvoker.invokeTestMethods(TestInvoker.java:146)
	at org.testng.internal.TestMethodWorker.invokeTestMethods(TestMethodWorker.java:146)
	at org.testng.internal.TestMethodWorker.run(TestMethodWorker.java:128)
	at java.util.concurrent.ThreadPoolExecutor.runWorker(ThreadPoolExecutor.java:1149)
	at java.util.concurrent.ThreadPoolExecutor$Worker.run(ThreadPoolExecutor.java:624)
	at java.lang.Thread.run(Thread.java:748)

SKIPPED: openCamera
java.lang.NullPointerException
	at camera.CameraTest.countPhoto(CameraTest.java:158)
	at camera.CameraTest.beforeTest(CameraTest.java:110)
	at sun.reflect.NativeMethodAccessorImpl.invoke0(Native Method)
	at sun.reflect.NativeMethodAccessorImpl.invoke(NativeMethodAccessorImpl.java:62)
	at sun.reflect.DelegatingMethodAccessorImpl.invoke(DelegatingMethodAccessorImpl.java:43)
	at java.lang.reflect.Method.invoke(Method.java:498)
	at org.testng.internal.MethodInvocationHelper.invokeMethod(MethodInvocationHelper.java:134)
	at org.testng.internal.MethodInvocationHelper.invokeMethodConsideringTimeout(MethodInvocationHelper.java:63)
	at org.testng.internal.ConfigInvoker.invokeConfigurationMethod(ConfigInvoker.java:348)
	at org.testng.internal.ConfigInvoker.invokeConfigurations(ConfigInvoker.java:302)
	at org.testng.TestRunner.invokeTestConfigurations(TestRunner.java:619)
	at org.testng.TestRunner.beforeRun(TestRunner.java:609)
	at org.testng.TestRunner.run(TestRunner.java:580)
	at org.testng.SuiteRunner.runTest(SuiteRunner.java:384)
	at org.testng.SuiteRunner.runSequentially(SuiteRunner.java:378)
	at org.testng.SuiteRunner.privateRun(SuiteRunner.java:337)
	at org.testng.SuiteRunner.run(SuiteRunner.java:286)
	at org.testng.SuiteRunnerWorker.runSuite(SuiteRunnerWorker.java:53)
	at org.testng.SuiteRunnerWorker.run(SuiteRunnerWorker.java:96)
	at org.testng.TestNG.runSuitesSequentially(TestNG.java:1187)
	at org.testng.TestNG.runSuitesLocally(TestNG.java:1109)
	at org.testng.TestNG.runSuites(TestNG.java:1039)
	at org.testng.TestNG.run(TestNG.java:1007)
	at org.apache.maven.surefire.testng.TestNGExecutor.run(TestNGExecutor.java:283)
	at org.apache.maven.surefire.testng.TestNGXmlTestSuite.execute(TestNGXmlTestSuite.java:75)
	at org.apache.maven.surefire.testng.TestNGProvider.invoke(TestNGProvider.java:120)
	at org.apache.maven.surefire.booter.ForkedBooter.invokeProviderInSameClassLoader(ForkedBooter.java:386)
	at org.apache.maven.surefire.booter.ForkedBooter.runSuitesInProcess(ForkedBooter.java:323)
	at org.apache.maven.surefire.booter.ForkedBooter.main(ForkedBooter.java:143)

SKIPPED: rearCamera
java.lang.Throwable: Method CameraTest.rearCamera()[pri:1, instance:camera.CameraTest@3d8314f0] depends on not successfully finished methods
	at org.testng.internal.TestInvoker.invokeTestMethods(TestInvoker.java:101)
	at org.testng.internal.TestMethodWorker.invokeTestMethods(TestMethodWorker.java:146)
	at org.testng.internal.TestMethodWorker.run(TestMethodWorker.java:128)
	at java.util.concurrent.ThreadPoolExecutor.runWorker(ThreadPoolExecutor.java:1149)
	at java.util.concurrent.ThreadPoolExecutor$Worker.run(ThreadPoolExecutor.java:624)
	at java.lang.Thread.run(Thread.java:748)

SKIPPED: frontCamera
java.lang.Throwable: Method CameraTest.frontCamera()[pri:2, instance:camera.CameraTest@3d8314f0] depends on not successfully finished methods
	at org.testng.internal.TestInvoker.invokeTestMethods(TestInvoker.java:101)
	at org.testng.internal.TestMethodWorker.invokeTestMethods(TestMethodWorker.java:146)
	at org.testng.internal.TestMethodWorker.run(TestMethodWorker.java:128)
	at java.util.concurrent.ThreadPoolExecutor.runWorker(ThreadPoolExecutor.java:1149)
	at java.util.concurrent.ThreadPoolExecutor$Worker.run(ThreadPoolExecutor.java:624)
	at java.lang.Thread.run(Thread.java:748)

SKIPPED: frontVideo
java.lang.Throwable: Method CameraTest.frontVideo()[pri:3, instance:camera.CameraTest@3d8314f0] depends on not successfully finished methods
	at org.testng.internal.TestInvoker.invokeTestMethods(TestInvoker.java:101)
	at org.testng.internal.TestMethodWorker.invokeTestMethods(TestMethodWorker.java:146)
	at org.testng.internal.TestMethodWorker.run(TestMethodWorker.java:128)
	at java.util.concurrent.ThreadPoolExecutor.runWorker(ThreadPoolExecutor.java:1149)
	at java.util.concurrent.ThreadPoolExecutor$Worker.run(ThreadPoolExecutor.java:624)
	at java.lang.Thread.run(Thread.java:748)

SKIPPED: rearVideo
java.lang.Throwable: Method CameraTest.rearVideo()[pri:4, instance:camera.CameraTest@3d8314f0] depends on not successfully finished methods
	at org.testng.internal.TestInvoker.invokeTestMethods(TestInvoker.java:101)
	at org.testng.internal.TestMethodWorker.invokeTestMethods(TestMethodWorker.java:146)
	at org.testng.internal.TestMethodWorker.run(TestMethodWorker.java:128)
	at java.util.concurrent.ThreadPoolExecutor.runWorker(ThreadPoolExecutor.java:1149)
	at java.util.concurrent.ThreadPoolExecutor$Worker.run(ThreadPoolExecutor.java:624)
	at java.lang.Thread.run(Thread.java:748)


===============================================
    deskclock
    Tests run: 11, Failures: 1, Skips: 5
===============================================

PASSED: openCalendar
PASSED: newSchedule
PASSED: deleteSchedule
PASSED: pullFileToPc
PASSED: pushFileToDevice
FAILED: location
java.lang.NullPointerException
	at setting.SettingTest.location(SettingTest.java:71)
	at sun.reflect.NativeMethodAccessorImpl.invoke0(Native Method)
	at sun.reflect.NativeMethodAccessorImpl.invoke(NativeMethodAccessorImpl.java:62)
	at sun.reflect.DelegatingMethodAccessorImpl.invoke(DelegatingMethodAccessorImpl.java:43)
	at java.lang.reflect.Method.invoke(Method.java:498)
	at org.testng.internal.MethodInvocationHelper.invokeMethod(MethodInvocationHelper.java:134)
	at org.testng.internal.TestInvoker.invokeMethod(TestInvoker.java:597)
	at org.testng.internal.TestInvoker.invokeTestMethod(TestInvoker.java:173)
	at org.testng.internal.MethodRunner.runInSequence(MethodRunner.java:46)
	at org.testng.internal.TestInvoker$MethodInvocationAgent.invoke(TestInvoker.java:816)
	at org.testng.internal.TestInvoker.invokeTestMethods(TestInvoker.java:146)
	at org.testng.internal.TestMethodWorker.invokeTestMethods(TestMethodWorker.java:146)
	at org.testng.internal.TestMethodWorker.run(TestMethodWorker.java:128)
	at java.util.concurrent.ThreadPoolExecutor.runWorker(ThreadPoolExecutor.java:1149)
	at java.util.concurrent.ThreadPoolExecutor$Worker.run(ThreadPoolExecutor.java:624)
	at java.lang.Thread.run(Thread.java:748)

SKIPPED: openCamera
java.lang.NullPointerException
	at camera.CameraTest.countPhoto(CameraTest.java:158)
	at camera.CameraTest.beforeTest(CameraTest.java:110)
	at sun.reflect.NativeMethodAccessorImpl.invoke0(Native Method)
	at sun.reflect.NativeMethodAccessorImpl.invoke(NativeMethodAccessorImpl.java:62)
	at sun.reflect.DelegatingMethodAccessorImpl.invoke(DelegatingMethodAccessorImpl.java:43)
	at java.lang.reflect.Method.invoke(Method.java:498)
	at org.testng.internal.MethodInvocationHelper.invokeMethod(MethodInvocationHelper.java:134)
	at org.testng.internal.MethodInvocationHelper.invokeMethodConsideringTimeout(MethodInvocationHelper.java:63)
	at org.testng.internal.ConfigInvoker.invokeConfigurationMethod(ConfigInvoker.java:348)
	at org.testng.internal.ConfigInvoker.invokeConfigurations(ConfigInvoker.java:302)
	at org.testng.TestRunner.invokeTestConfigurations(TestRunner.java:619)
	at org.testng.TestRunner.beforeRun(TestRunner.java:609)
	at org.testng.TestRunner.run(TestRunner.java:580)
	at org.testng.SuiteRunner.runTest(SuiteRunner.java:384)
	at org.testng.SuiteRunner.runSequentially(SuiteRunner.java:378)
	at org.testng.SuiteRunner.privateRun(SuiteRunner.java:337)
	at org.testng.SuiteRunner.run(SuiteRunner.java:286)
	at org.testng.SuiteRunnerWorker.runSuite(SuiteRunnerWorker.java:53)
	at org.testng.SuiteRunnerWorker.run(SuiteRunnerWorker.java:96)
	at org.testng.TestNG.runSuitesSequentially(TestNG.java:1187)
	at org.testng.TestNG.runSuitesLocally(TestNG.java:1109)
	at org.testng.TestNG.runSuites(TestNG.java:1039)
	at org.testng.TestNG.run(TestNG.java:1007)
	at org.apache.maven.surefire.testng.TestNGExecutor.run(TestNGExecutor.java:283)
	at org.apache.maven.surefire.testng.TestNGXmlTestSuite.execute(TestNGXmlTestSuite.java:75)
	at org.apache.maven.surefire.testng.TestNGProvider.invoke(TestNGProvider.java:120)
	at org.apache.maven.surefire.booter.ForkedBooter.invokeProviderInSameClassLoader(ForkedBooter.java:386)
	at org.apache.maven.surefire.booter.ForkedBooter.runSuitesInProcess(ForkedBooter.java:323)
	at org.apache.maven.surefire.booter.ForkedBooter.main(ForkedBooter.java:143)

SKIPPED: rearCamera
java.lang.Throwable: Method CameraTest.rearCamera()[pri:1, instance:camera.CameraTest@3d8314f0] depends on not successfully finished methods
	at org.testng.internal.TestInvoker.invokeTestMethods(TestInvoker.java:101)
	at org.testng.internal.TestMethodWorker.invokeTestMethods(TestMethodWorker.java:146)
	at org.testng.internal.TestMethodWorker.run(TestMethodWorker.java:128)
	at java.util.concurrent.ThreadPoolExecutor.runWorker(ThreadPoolExecutor.java:1149)
	at java.util.concurrent.ThreadPoolExecutor$Worker.run(ThreadPoolExecutor.java:624)
	at java.lang.Thread.run(Thread.java:748)

SKIPPED: frontCamera
java.lang.Throwable: Method CameraTest.frontCamera()[pri:2, instance:camera.CameraTest@3d8314f0] depends on not successfully finished methods
	at org.testng.internal.TestInvoker.invokeTestMethods(TestInvoker.java:101)
	at org.testng.internal.TestMethodWorker.invokeTestMethods(TestMethodWorker.java:146)
	at org.testng.internal.TestMethodWorker.run(TestMethodWorker.java:128)
	at java.util.concurrent.ThreadPoolExecutor.runWorker(ThreadPoolExecutor.java:1149)
	at java.util.concurrent.ThreadPoolExecutor$Worker.run(ThreadPoolExecutor.java:624)
	at java.lang.Thread.run(Thread.java:748)

SKIPPED: frontVideo
java.lang.Throwable: Method CameraTest.frontVideo()[pri:3, instance:camera.CameraTest@3d8314f0] depends on not successfully finished methods
	at org.testng.internal.TestInvoker.invokeTestMethods(TestInvoker.java:101)
	at org.testng.internal.TestMethodWorker.invokeTestMethods(TestMethodWorker.java:146)
	at org.testng.internal.TestMethodWorker.run(TestMethodWorker.java:128)
	at java.util.concurrent.ThreadPoolExecutor.runWorker(ThreadPoolExecutor.java:1149)
	at java.util.concurrent.ThreadPoolExecutor$Worker.run(ThreadPoolExecutor.java:624)
	at java.lang.Thread.run(Thread.java:748)

SKIPPED: rearVideo
java.lang.Throwable: Method CameraTest.rearVideo()[pri:4, instance:camera.CameraTest@3d8314f0] depends on not successfully finished methods
	at org.testng.internal.TestInvoker.invokeTestMethods(TestInvoker.java:101)
	at org.testng.internal.TestMethodWorker.invokeTestMethods(TestMethodWorker.java:146)
	at org.testng.internal.TestMethodWorker.run(TestMethodWorker.java:128)
	at java.util.concurrent.ThreadPoolExecutor.runWorker(ThreadPoolExecutor.java:1149)
	at java.util.concurrent.ThreadPoolExecutor$Worker.run(ThreadPoolExecutor.java:624)
	at java.lang.Thread.run(Thread.java:748)


===============================================
    dialer
    Tests run: 11, Failures: 1, Skips: 5
===============================================

PASSED: openCalendar
PASSED: newSchedule
PASSED: deleteSchedule
PASSED: pullFileToPc
PASSED: pushFileToDevice
FAILED: location
java.lang.NullPointerException
	at setting.SettingTest.location(SettingTest.java:71)
	at sun.reflect.NativeMethodAccessorImpl.invoke0(Native Method)
	at sun.reflect.NativeMethodAccessorImpl.invoke(NativeMethodAccessorImpl.java:62)
	at sun.reflect.DelegatingMethodAccessorImpl.invoke(DelegatingMethodAccessorImpl.java:43)
	at java.lang.reflect.Method.invoke(Method.java:498)
	at org.testng.internal.MethodInvocationHelper.invokeMethod(MethodInvocationHelper.java:134)
	at org.testng.internal.TestInvoker.invokeMethod(TestInvoker.java:597)
	at org.testng.internal.TestInvoker.invokeTestMethod(TestInvoker.java:173)
	at org.testng.internal.MethodRunner.runInSequence(MethodRunner.java:46)
	at org.testng.internal.TestInvoker$MethodInvocationAgent.invoke(TestInvoker.java:816)
	at org.testng.internal.TestInvoker.invokeTestMethods(TestInvoker.java:146)
	at org.testng.internal.TestMethodWorker.invokeTestMethods(TestMethodWorker.java:146)
	at org.testng.internal.TestMethodWorker.run(TestMethodWorker.java:128)
	at java.util.concurrent.ThreadPoolExecutor.runWorker(ThreadPoolExecutor.java:1149)
	at java.util.concurrent.ThreadPoolExecutor$Worker.run(ThreadPoolExecutor.java:624)
	at java.lang.Thread.run(Thread.java:748)

SKIPPED: openCamera
java.lang.NullPointerException
	at camera.CameraTest.countPhoto(CameraTest.java:158)
	at camera.CameraTest.beforeTest(CameraTest.java:110)
	at sun.reflect.NativeMethodAccessorImpl.invoke0(Native Method)
	at sun.reflect.NativeMethodAccessorImpl.invoke(NativeMethodAccessorImpl.java:62)
	at sun.reflect.DelegatingMethodAccessorImpl.invoke(DelegatingMethodAccessorImpl.java:43)
	at java.lang.reflect.Method.invoke(Method.java:498)
	at org.testng.internal.MethodInvocationHelper.invokeMethod(MethodInvocationHelper.java:134)
	at org.testng.internal.MethodInvocationHelper.invokeMethodConsideringTimeout(MethodInvocationHelper.java:63)
	at org.testng.internal.ConfigInvoker.invokeConfigurationMethod(ConfigInvoker.java:348)
	at org.testng.internal.ConfigInvoker.invokeConfigurations(ConfigInvoker.java:302)
	at org.testng.TestRunner.invokeTestConfigurations(TestRunner.java:619)
	at org.testng.TestRunner.beforeRun(TestRunner.java:609)
	at org.testng.TestRunner.run(TestRunner.java:580)
	at org.testng.SuiteRunner.runTest(SuiteRunner.java:384)
	at org.testng.SuiteRunner.runSequentially(SuiteRunner.java:378)
	at org.testng.SuiteRunner.privateRun(SuiteRunner.java:337)
	at org.testng.SuiteRunner.run(SuiteRunner.java:286)
	at org.testng.SuiteRunnerWorker.runSuite(SuiteRunnerWorker.java:53)
	at org.testng.SuiteRunnerWorker.run(SuiteRunnerWorker.java:96)
	at org.testng.TestNG.runSuitesSequentially(TestNG.java:1187)
	at org.testng.TestNG.runSuitesLocally(TestNG.java:1109)
	at org.testng.TestNG.runSuites(TestNG.java:1039)
	at org.testng.TestNG.run(TestNG.java:1007)
	at org.apache.maven.surefire.testng.TestNGExecutor.run(TestNGExecutor.java:283)
	at org.apache.maven.surefire.testng.TestNGXmlTestSuite.execute(TestNGXmlTestSuite.java:75)
	at org.apache.maven.surefire.testng.TestNGProvider.invoke(TestNGProvider.java:120)
	at org.apache.maven.surefire.booter.ForkedBooter.invokeProviderInSameClassLoader(ForkedBooter.java:386)
	at org.apache.maven.surefire.booter.ForkedBooter.runSuitesInProcess(ForkedBooter.java:323)
	at org.apache.maven.surefire.booter.ForkedBooter.main(ForkedBooter.java:143)

SKIPPED: rearCamera
java.lang.Throwable: Method CameraTest.rearCamera()[pri:1, instance:camera.CameraTest@3d8314f0] depends on not successfully finished methods
	at org.testng.internal.TestInvoker.invokeTestMethods(TestInvoker.java:101)
	at org.testng.internal.TestMethodWorker.invokeTestMethods(TestMethodWorker.java:146)
	at org.testng.internal.TestMethodWorker.run(TestMethodWorker.java:128)
	at java.util.concurrent.ThreadPoolExecutor.runWorker(ThreadPoolExecutor.java:1149)
	at java.util.concurrent.ThreadPoolExecutor$Worker.run(ThreadPoolExecutor.java:624)
	at java.lang.Thread.run(Thread.java:748)

SKIPPED: frontCamera
java.lang.Throwable: Method CameraTest.frontCamera()[pri:2, instance:camera.CameraTest@3d8314f0] depends on not successfully finished methods
	at org.testng.internal.TestInvoker.invokeTestMethods(TestInvoker.java:101)
	at org.testng.internal.TestMethodWorker.invokeTestMethods(TestMethodWorker.java:146)
	at org.testng.internal.TestMethodWorker.run(TestMethodWorker.java:128)
	at java.util.concurrent.ThreadPoolExecutor.runWorker(ThreadPoolExecutor.java:1149)
	at java.util.concurrent.ThreadPoolExecutor$Worker.run(ThreadPoolExecutor.java:624)
	at java.lang.Thread.run(Thread.java:748)

SKIPPED: frontVideo
java.lang.Throwable: Method CameraTest.frontVideo()[pri:3, instance:camera.CameraTest@3d8314f0] depends on not successfully finished methods
	at org.testng.internal.TestInvoker.invokeTestMethods(TestInvoker.java:101)
	at org.testng.internal.TestMethodWorker.invokeTestMethods(TestMethodWorker.java:146)
	at org.testng.internal.TestMethodWorker.run(TestMethodWorker.java:128)
	at java.util.concurrent.ThreadPoolExecutor.runWorker(ThreadPoolExecutor.java:1149)
	at java.util.concurrent.ThreadPoolExecutor$Worker.run(ThreadPoolExecutor.java:624)
	at java.lang.Thread.run(Thread.java:748)

SKIPPED: rearVideo
java.lang.Throwable: Method CameraTest.rearVideo()[pri:4, instance:camera.CameraTest@3d8314f0] depends on not successfully finished methods
	at org.testng.internal.TestInvoker.invokeTestMethods(TestInvoker.java:101)
	at org.testng.internal.TestMethodWorker.invokeTestMethods(TestMethodWorker.java:146)
	at org.testng.internal.TestMethodWorker.run(TestMethodWorker.java:128)
	at java.util.concurrent.ThreadPoolExecutor.runWorker(ThreadPoolExecutor.java:1149)
	at java.util.concurrent.ThreadPoolExecutor$Worker.run(ThreadPoolExecutor.java:624)
	at java.lang.Thread.run(Thread.java:748)


===============================================
    mms
    Tests run: 11, Failures: 1, Skips: 5
===============================================

PASSED: openCalendar
PASSED: newSchedule
PASSED: deleteSchedule
PASSED: pullFileToPc
PASSED: pushFileToDevice
FAILED: location
java.lang.NullPointerException
	at setting.SettingTest.location(SettingTest.java:71)
	at sun.reflect.NativeMethodAccessorImpl.invoke0(Native Method)
	at sun.reflect.NativeMethodAccessorImpl.invoke(NativeMethodAccessorImpl.java:62)
	at sun.reflect.DelegatingMethodAccessorImpl.invoke(DelegatingMethodAccessorImpl.java:43)
	at java.lang.reflect.Method.invoke(Method.java:498)
	at org.testng.internal.MethodInvocationHelper.invokeMethod(MethodInvocationHelper.java:134)
	at org.testng.internal.TestInvoker.invokeMethod(TestInvoker.java:597)
	at org.testng.internal.TestInvoker.invokeTestMethod(TestInvoker.java:173)
	at org.testng.internal.MethodRunner.runInSequence(MethodRunner.java:46)
	at org.testng.internal.TestInvoker$MethodInvocationAgent.invoke(TestInvoker.java:816)
	at org.testng.internal.TestInvoker.invokeTestMethods(TestInvoker.java:146)
[...]
Session ID: 3071fd5f-5139-4a28-a72c-80d08e3a014c
	at sun.reflect.NativeConstructorAccessorImpl.newInstance0(Native Method)
	at sun.reflect.NativeConstructorAccessorImpl.newInstance(NativeConstructorAccessorImpl.java:62)
	at sun.reflect.DelegatingConstructorAccessorImpl.newInstance(DelegatingConstructorAccessorImpl.java:45)
	at java.lang.reflect.Constructor.newInstance(Constructor.java:423)
	at org.openqa.selenium.remote.http.W3CHttpResponseCodec.createException(W3CHttpResponseCodec.java:187)
	at org.openqa.selenium.remote.http.W3CHttpResponseCodec.decode(W3CHttpResponseCodec.java:122)
	at org.openqa.selenium.remote.http.W3CHttpResponseCodec.decode(W3CHttpResponseCodec.java:49)
	at org.openqa.selenium.remote.HttpCommandExecutor.execute(HttpCommandExecutor.java:158)
	at io.appium.java_client.remote.AppiumCommandExecutor.execute(AppiumCommandExecutor.java:239)
	at org.openqa.selenium.remote.RemoteWebDriver.execute(RemoteWebDriver.java:552)
	at io.appium.java_client.DefaultGenericMobileDriver.execute(DefaultGenericMobileDriver.java:41)
	at io.appium.java_client.AppiumDriver.execute(AppiumDriver.java:1)
	at io.appium.java_client.android.AndroidDriver.execute(AndroidDriver.java:1)
	at io.appium.java_client.CommandExecutionHelper.execute(CommandExecutionHelper.java:27)
	at io.appium.java_client.android.StartsActivity.startActivity(StartsActivity.java:45)
	at io.appium.java_client.android.StartsActivity$$FastClassBySpringCGLIB$$7176530b.invoke(<generated>)
	at org.springframework.cglib.proxy.MethodProxy.invoke(MethodProxy.java:218)
	at org.springframework.aop.framework.CglibAopProxy$CglibMethodInvocation.invokeJoinpoint(CglibAopProxy.java:749)
	at org.springframework.aop.framework.ReflectiveMethodInvocation.proceed(ReflectiveMethodInvocation.java:163)
	at org.springframework.aop.interceptor.ExposeInvocationInterceptor.invoke(ExposeInvocationInterceptor.java:93)
	at org.springframework.aop.framework.ReflectiveMethodInvocation.proceed(ReflectiveMethodInvocation.java:186)
	at org.springframework.aop.framework.CglibAopProxy$DynamicAdvisedInterceptor.intercept(CglibAopProxy.java:688)
	at io.appium.java_client.android.AndroidDriver$$EnhancerBySpringCGLIB$$e1453901.startActivity(<generated>)
	at otherApps.StartAppTest.openWps(StartAppTest.java:147)
	at sun.reflect.NativeMethodAccessorImpl.invoke0(Native Method)
	at sun.reflect.NativeMethodAccessorImpl.invoke(NativeMethodAccessorImpl.java:62)
	at sun.reflect.DelegatingMethodAccessorImpl.invoke(DelegatingMethodAccessorImpl.java:43)
	at java.lang.reflect.Method.invoke(Method.java:498)
	at org.testng.internal.MethodInvocationHelper.invokeMethod(MethodInvocationHelper.java:134)
	at org.testng.internal.TestInvoker.invokeMethod(TestInvoker.java:597)
	at org.testng.internal.TestInvoker.invokeTestMethod(TestInvoker.java:173)
	at org.testng.internal.MethodRunner.runInSequence(MethodRunner.java:46)
	at org.testng.internal.TestInvoker$MethodInvocationAgent.invoke(TestInvoker.java:816)
	at org.testng.internal.TestInvoker.invokeTestMethods(TestInvoker.java:146)
	at org.testng.internal.TestMethodWorker.invokeTestMethods(TestMethodWorker.java:146)
	at org.testng.internal.TestMethodWorker.run(TestMethodWorker.java:128)
	at java.util.concurrent.ThreadPoolExecutor.runWorker(ThreadPoolExecutor.java:1149)
	at java.util.concurrent.ThreadPoolExecutor$Worker.run(ThreadPoolExecutor.java:624)
	at java.lang.Thread.run(Thread.java:748)

FAILED: openInputmethod
org.openqa.selenium.WebDriverException: An unknown server-side error occurred while processing the command. Original error: Cannot start the 'com.iflytek.inputmethod' application. Visit https://github.com/appium/appium/blob/master/docs/en/writing-running-appium/android/activity-startup.md for troubleshooting. Original error: The permission to start '.wizard.WizardActivity' activity has been denied.Make sure the activity/package names are correct.
Build info: version: '3.141.59', revision: 'e82be7d358', time: '2018-11-14T08:17:03'
System info: host: 'GH-PC', ip: '192.168.43.155', os.name: 'Windows 7', os.arch: 'amd64', os.version: '6.1', java.version: '1.8.0_152'
Driver info: io.appium.java_client.android.AndroidDriver
Capabilities {appActivity: .StarActivity, appPackage: com.gh.staraccess, automationName: Appium, databaseEnabled: false, desired: {appActivity: .StarActivity, appPackage: com.gh.staraccess, automationName: Appium, deviceName: 0123456789ABCDEF01
, noReset: false, platformName: android, platformVersion: 4.4.4, resetKeyboard: true, unicodeKeyboard: true}, deviceManufacturer: LEADCORE, deviceModel: L1860, deviceName: 0123456789ABCDEF01, deviceScreenSize: 720x1280, deviceUDID: 0123456789ABCDEF01, javascriptEnabled: true, locationContextEnabled: false, networkConnectionEnabled: true, noReset: false, platform: LINUX, platformName: Android, platformVersion: 4.4.4, resetKeyboard: true, takesScreenshot: true, unicodeKeyboard: true, warnings: {}, webStorageEnabled: false}
Session ID: 3071fd5f-5139-4a28-a72c-80d08e3a014c
	at sun.reflect.NativeConstructorAccessorImpl.newInstance0(Native Method)
	at sun.reflect.NativeConstructorAccessorImpl.newInstance(NativeConstructorAccessorImpl.java:62)
	at sun.reflect.DelegatingConstructorAccessorImpl.newInstance(DelegatingConstructorAccessorImpl.java:45)
	at java.lang.reflect.Constructor.newInstance(Constructor.java:423)
	at org.openqa.selenium.remote.http.W3CHttpResponseCodec.createException(W3CHttpResponseCodec.java:187)
	at org.openqa.selenium.remote.http.W3CHttpResponseCodec.decode(W3CHttpResponseCodec.java:122)
	at org.openqa.selenium.remote.http.W3CHttpResponseCodec.decode(W3CHttpResponseCodec.java:49)
	at org.openqa.selenium.remote.HttpCommandExecutor.execute(HttpCommandExecutor.java:158)
	at io.appium.java_client.remote.AppiumCommandExecutor.execute(AppiumCommandExecutor.java:239)
	at org.openqa.selenium.remote.RemoteWebDriver.execute(RemoteWebDriver.java:552)
	at io.appium.java_client.DefaultGenericMobileDriver.execute(DefaultGenericMobileDriver.java:41)
	at io.appium.java_client.AppiumDriver.execute(AppiumDriver.java:1)
	at io.appium.java_client.android.AndroidDriver.execute(AndroidDriver.java:1)
	at io.appium.java_client.CommandExecutionHelper.execute(CommandExecutionHelper.java:27)
	at io.appium.java_client.android.StartsActivity.startActivity(StartsActivity.java:45)
	at io.appium.java_client.android.StartsActivity$$FastClassBySpringCGLIB$$7176530b.invoke(<generated>)
	at org.springframework.cglib.proxy.MethodProxy.invoke(MethodProxy.java:218)
	at org.springframework.aop.framework.CglibAopProxy$CglibMethodInvocation.invokeJoinpoint(CglibAopProxy.java:749)
	at org.springframework.aop.framework.ReflectiveMethodInvocation.proceed(ReflectiveMethodInvocation.java:163)
	at org.springframework.aop.interceptor.ExposeInvocationInterceptor.invoke(ExposeInvocationInterceptor.java:93)
	at org.springframework.aop.framework.ReflectiveMethodInvocation.proceed(ReflectiveMethodInvocation.java:186)
	at org.springframework.aop.framework.CglibAopProxy$DynamicAdvisedInterceptor.intercept(CglibAopProxy.java:688)
	at io.appium.java_client.android.AndroidDriver$$EnhancerBySpringCGLIB$$e1453901.startActivity(<generated>)
	at otherApps.StartAppTest.openInputmethod(StartAppTest.java:167)
	at sun.reflect.NativeMethodAccessorImpl.invoke0(Native Method)
	at sun.reflect.NativeMethodAccessorImpl.invoke(NativeMethodAccessorImpl.java:62)
	at sun.reflect.DelegatingMethodAccessorImpl.invoke(DelegatingMethodAccessorImpl.java:43)
	at java.lang.reflect.Method.invoke(Method.java:498)
	at org.testng.internal.MethodInvocationHelper.invokeMethod(MethodInvocationHelper.java:134)
	at org.testng.internal.TestInvoker.invokeMethod(TestInvoker.java:597)
	at org.testng.internal.TestInvoker.invokeTestMethod(TestInvoker.java:173)
	at org.testng.internal.MethodRunner.runInSequence(MethodRunner.java:46)
	at org.testng.internal.TestInvoker$MethodInvocationAgent.invoke(TestInvoker.java:816)
	at org.testng.internal.TestInvoker.invokeTestMethods(TestInvoker.java:146)
	at org.testng.internal.TestMethodWorker.invokeTestMethods(TestMethodWorker.java:146)
	at org.testng.internal.TestMethodWorker.run(TestMethodWorker.java:128)
	at java.util.concurrent.ThreadPoolExecutor.runWorker(ThreadPoolExecutor.java:1149)
	at java.util.concurrent.ThreadPoolExecutor$Worker.run(ThreadPoolExecutor.java:624)
	at java.lang.Thread.run(Thread.java:748)

SKIPPED: openCamera
java.lang.NullPointerException
	at camera.CameraTest.countPhoto(CameraTest.java:158)
	at camera.CameraTest.beforeTest(CameraTest.java:110)
	at sun.reflect.NativeMethodAccessorImpl.invoke0(Native Method)
	at sun.reflect.NativeMethodAccessorImpl.invoke(NativeMethodAccessorImpl.java:62)
	at sun.reflect.DelegatingMethodAccessorImpl.invoke(DelegatingMethodAccessorImpl.java:43)
	at java.lang.reflect.Method.invoke(Method.java:498)
	at org.testng.internal.MethodInvocationHelper.invokeMethod(MethodInvocationHelper.java:134)
	at org.testng.internal.MethodInvocationHelper.invokeMethodConsideringTimeout(MethodInvocationHelper.java:63)
	at org.testng.internal.ConfigInvoker.invokeConfigurationMethod(ConfigInvoker.java:348)
	at org.testng.internal.ConfigInvoker.invokeConfigurations(ConfigInvoker.java:302)
	at org.testng.TestRunner.invokeTestConfigurations(TestRunner.java:619)
	at org.testng.TestRunner.beforeRun(TestRunner.java:609)
	at org.testng.TestRunner.run(TestRunner.java:580)
	at org.testng.SuiteRunner.runTest(SuiteRunner.java:384)
	at org.testng.SuiteRunner.runSequentially(SuiteRunner.java:378)
	at org.testng.SuiteRunner.privateRun(SuiteRunner.java:337)
	at org.testng.SuiteRunner.run(SuiteRunner.java:286)
	at org.testng.SuiteRunnerWorker.runSuite(SuiteRunnerWorker.java:53)
	at org.testng.SuiteRunnerWorker.run(SuiteRunnerWorker.java:96)
	at org.testng.TestNG.runSuitesSequentially(TestNG.java:1187)
	at org.testng.TestNG.runSuitesLocally(TestNG.java:1109)
	at org.testng.TestNG.runSuites(TestNG.java:1039)
	at org.testng.TestNG.run(TestNG.java:1007)
	at org.apache.maven.surefire.testng.TestNGExecutor.run(TestNGExecutor.java:283)
	at org.apache.maven.surefire.testng.TestNGXmlTestSuite.execute(TestNGXmlTestSuite.java:75)
	at org.apache.maven.surefire.testng.TestNGProvider.invoke(TestNGProvider.java:120)
	at org.apache.maven.surefire.booter.ForkedBooter.invokeProviderInSameClassLoader(ForkedBooter.java:386)
	at org.apache.maven.surefire.booter.ForkedBooter.runSuitesInProcess(ForkedBooter.java:323)
	at org.apache.maven.surefire.booter.ForkedBooter.main(ForkedBooter.java:143)

SKIPPED: rearCamera
java.lang.Throwable: Method CameraTest.rearCamera()[pri:1, instance:camera.CameraTest@3d8314f0] depends on not successfully finished methods
	at org.testng.internal.TestInvoker.invokeTestMethods(TestInvoker.java:101)
	at org.testng.internal.TestMethodWorker.invokeTestMethods(TestMethodWorker.java:146)
	at org.testng.internal.TestMethodWorker.run(TestMethodWorker.java:128)
	at java.util.concurrent.ThreadPoolExecutor.runWorker(ThreadPoolExecutor.java:1149)
	at java.util.concurrent.ThreadPoolExecutor$Worker.run(ThreadPoolExecutor.java:624)
	at java.lang.Thread.run(Thread.java:748)

SKIPPED: frontCamera
java.lang.Throwable: Method CameraTest.frontCamera()[pri:2, instance:camera.CameraTest@3d8314f0] depends on not successfully finished methods
	at org.testng.internal.TestInvoker.invokeTestMethods(TestInvoker.java:101)
	at org.testng.internal.TestMethodWorker.invokeTestMethods(TestMethodWorker.java:146)
	at org.testng.internal.TestMethodWorker.run(TestMethodWorker.java:128)
	at java.util.concurrent.ThreadPoolExecutor.runWorker(ThreadPoolExecutor.java:1149)
	at java.util.concurrent.ThreadPoolExecutor$Worker.run(ThreadPoolExecutor.java:624)
	at java.lang.Thread.run(Thread.java:748)

SKIPPED: frontVideo
java.lang.Throwable: Method CameraTest.frontVideo()[pri:3, instance:camera.CameraTest@3d8314f0] depends on not successfully finished methods
	at org.testng.internal.TestInvoker.invokeTestMethods(TestInvoker.java:101)
	at org.testng.internal.TestMethodWorker.invokeTestMethods(TestMethodWorker.java:146)
	at org.testng.internal.TestMethodWorker.run(TestMethodWorker.java:128)
	at java.util.concurrent.ThreadPoolExecutor.runWorker(ThreadPoolExecutor.java:1149)
	at java.util.concurrent.ThreadPoolExecutor$Worker.run(ThreadPoolExecutor.java:624)
	at java.lang.Thread.run(Thread.java:748)

SKIPPED: rearVideo
java.lang.Throwable: Method CameraTest.rearVideo()[pri:4, instance:camera.CameraTest@3d8314f0] depends on not successfully finished methods
	at org.testng.internal.TestInvoker.invokeTestMethods(TestInvoker.java:101)
	at org.testng.internal.TestMethodWorker.invokeTestMethods(TestMethodWorker.java:146)
	at org.testng.internal.TestMethodWorker.run(TestMethodWorker.java:128)
	at java.util.concurrent.ThreadPoolExecutor.runWorker(ThreadPoolExecutor.java:1149)
	at java.util.concurrent.ThreadPoolExecutor$Worker.run(ThreadPoolExecutor.java:624)
	at java.lang.Thread.run(Thread.java:748)

SKIPPED: alarmClock
java.lang.NullPointerException
	at deskclock.DeskclockTest.beforeTest(DeskclockTest.java:65)
	at sun.reflect.NativeMethodAccessorImpl.invoke0(Native Method)
	at sun.reflect.NativeMethodAccessorImpl.invoke(NativeMethodAccessorImpl.java:62)
	at sun.reflect.DelegatingMethodAccessorImpl.invoke(DelegatingMethodAccessorImpl.java:43)
	at java.lang.reflect.Method.invoke(Method.java:498)
	at org.testng.internal.MethodInvocationHelper.invokeMethod(MethodInvocationHelper.java:134)
	at org.testng.internal.MethodInvocationHelper.invokeMethodConsideringTimeout(MethodInvocationHelper.java:63)
	at org.testng.internal.ConfigInvoker.invokeConfigurationMethod(ConfigInvoker.java:348)
	at org.testng.internal.ConfigInvoker.invokeConfigurations(ConfigInvoker.java:302)
	at org.testng.TestRunner.invokeTestConfigurations(TestRunner.java:619)
	at org.testng.TestRunner.beforeRun(TestRunner.java:609)
	at org.testng.TestRunner.run(TestRunner.java:580)
	at org.testng.SuiteRunner.runTest(SuiteRunner.java:384)
	at org.testng.SuiteRunner.runSequentially(SuiteRunner.java:378)
	at org.testng.SuiteRunner.privateRun(SuiteRunner.java:337)
	at org.testng.SuiteRunner.run(SuiteRunner.java:286)
	at org.testng.SuiteRunnerWorker.runSuite(SuiteRunnerWorker.java:53)
	at org.testng.SuiteRunnerWorker.run(SuiteRunnerWorker.java:96)
	at org.testng.TestNG.runSuitesSequentially(TestNG.java:1187)
	at org.testng.TestNG.runSuitesLocally(TestNG.java:1109)
	at org.testng.TestNG.runSuites(TestNG.java:1039)
	at org.testng.TestNG.run(TestNG.java:1007)
	at org.apache.maven.surefire.testng.TestNGExecutor.run(TestNGExecutor.java:283)
	at org.apache.maven.surefire.testng.TestNGXmlTestSuite.execute(TestNGXmlTestSuite.java:75)
	at org.apache.maven.surefire.testng.TestNGProvider.invoke(TestNGProvider.java:120)
	at org.apache.maven.surefire.booter.ForkedBooter.invokeProviderInSameClassLoader(ForkedBooter.java:386)
	at org.apache.maven.surefire.booter.ForkedBooter.runSuitesInProcess(ForkedBooter.java:323)
	at org.apache.maven.surefire.booter.ForkedBooter.main(ForkedBooter.java:143)

SKIPPED: contactDialing
java.lang.Throwable: Method DialerTest.contactDialing()[pri:0, instance:dialer.DialerTest@37574691] depends on not successfully finished methods
	at org.testng.internal.TestInvoker.invokeTestMethods(TestInvoker.java:101)
	at org.testng.internal.TestMethodWorker.invokeTestMethods(TestMethodWorker.java:146)
	at org.testng.internal.TestMethodWorker.run(TestMethodWorker.java:128)
	at java.util.concurrent.ThreadPoolExecutor.runWorker(ThreadPoolExecutor.java:1149)
	at java.util.concurrent.ThreadPoolExecutor$Worker.run(ThreadPoolExecutor.java:624)
	at java.lang.Thread.run(Thread.java:748)


===============================================
    others
    Tests run: 36, Failures: 15, Skips: 7
===============================================

[TestNG] RUNNING: Suite: "others" containing "2" Tests (config: E:\testProjects\ZengQiang\testng.xml)
[TestNG] INVOKING CONFIGURATION: "others" - @BeforeTest others.OthersTest.beforeTest()
0123456789ABCDEF01
deviceName : 0123456789ABCDEF01

[TestNG] PASSED CONFIGURATION: "others" - @BeforeTest others.OthersTest.beforeTest() finished in 25274 ms
[TestNG] INVOKING CONFIGURATION: "others" - @BeforeClass others.OthersTest.beforeClass()
[TestNG] PASSED CONFIGURATION: "others" - @BeforeClass others.OthersTest.beforeClass() finished in 0 ms
[TestNG] INVOKING CONFIGURATION: "others" - @BeforeMethod others.OthersTest.beforeMethod()
[TestNG] PASSED CONFIGURATION: "others" - @BeforeMethod others.OthersTest.beforeMethod() finished in 0 ms
[TestNG] INVOKING: "others" - others.OthersTest.fastDialer() success: 100%
Starting: Intent { act=android.intent.action.CALL dat=tel:xxxxxxxxxxx }

没有网络
]]></system-out>
    <system-err><![CDATA[三月 25, 2020 9:17:57 上午 io.appium.java_client.remote.AppiumCommandExecutor$1 lambda$0
信息: Detected dialect: W3C
]]></system-err>
  </testcase>
  <testcase name="fastDialer" classname="others.OthersTest" time="4.836">
    <failure message="没有网络 expected [0] but found [1]" type="java.lang.AssertionError">java.lang.AssertionError: 没有网络 expected [0] but found [1]
	at others.OthersTest.fastDialer(OthersTest.java:180)
</failure>
    <system-out><![CDATA[[TestNG] FAILED: "others" - others.OthersTest.fastDialer() finished in 4976 ms (1 of 2)
[TestNG] java.lang.AssertionError: 没有网络 expected [0] but found [1]
[TestNG] 	at org.testng.Assert.fail(Assert.java:97)
[TestNG] 	at org.testng.Assert.assertEqualsImpl(Assert.java:136)
[TestNG] 	at org.testng.Assert.assertEquals(Assert.java:118)
[TestNG] 	at org.testng.Assert.assertEquals(Assert.java:839)
[TestNG] 	at others.OthersTest.fastDialer(OthersTest.java:180)
[TestNG] 	at sun.reflect.NativeMethodAccessorImpl.invoke0(Native Method)
[TestNG] 	at sun.reflect.NativeMethodAccessorImpl.invoke(NativeMethodAccessorImpl.java:62)
[TestNG] 	at sun.reflect.DelegatingMethodAccessorImpl.invoke(DelegatingMethodAccessorImpl.java:43)
[TestNG] 	at java.lang.reflect.Method.invoke(Method.java:498)
[TestNG] 	at org.testng.internal.MethodInvocationHelper.invokeMethod(MethodInvocationHelper.java:134)
[TestNG] 	at org.testng.internal.TestInvoker.invokeMethod(TestInvoker.java:597)
[TestNG] 	at org.testng.internal.TestInvoker.invokeTestMethod(TestInvoker.java:173)
[TestNG] 	at org.testng.internal.MethodRunner.runInSequence(MethodRunner.java:46)
[TestNG] 	at org.testng.internal.TestInvoker$MethodInvocationAgent.invoke(TestInvoker.java:816)
[TestNG] 	at org.testng.internal.TestInvoker.invokeTestMethods(TestInvoker.java:146)
[TestNG] 	at org.testng.internal.TestMethodWorker.invokeTestMethods(TestMethodWorker.java:146)
[TestNG] 	at org.testng.internal.TestMethodWorker.run(TestMethodWorker.java:128)
[TestNG] 	at java.util.concurrent.ThreadPoolExecutor.runWorker(ThreadPoolExecutor.java:1149)
[TestNG] 	at java.util.concurrent.ThreadPoolExecutor$Worker.run(ThreadPoolExecutor.java:624)
[TestNG] 	at java.lang.Thread.run(Thread.java:748)
[TestNG] INVOKING CONFIGURATION: "others" - @AfterMethod others.OthersTest.afterMethod()
[TestNG] PASSED CONFIGURATION: "others" - @AfterMethod others.OthersTest.afterMethod() finished in 0 ms
[TestNG] INVOKING CONFIGURATION: "others" - @BeforeMethod others.OthersTest.beforeMethod()
[TestNG] PASSED CONFIGURATION: "others" - @BeforeMethod others.OthersTest.beforeMethod() finished in 0 ms
[TestNG] INVOKING: "others" - others.OthersTest.fastDialer() success: 100%
Starting: Intent { act=android.intent.action.CALL dat=tel:xxxxxxxxxxx }

没有网络
]]></system-out>
  </testcase>
  <testcase name="hotStartLocationTime" classname="others.OthersTest" time="71.027"/>
  <testcase name="hotStartLocationTime" classname="others.OthersTest" time="68.142"/>
</testsuite>