<?xml version="1.0" encoding="UTF-8"?>
<!-- Generated by org.testng.reporters.JUnitXMLReporter -->
<testsuite hostname="gh-PC" name="Default test" tests="1" failures="0" timestamp="23 Mar 2020 09:06:43 GMT" time="33.749" errors="0">
  <testcase name="@BeforeTest beforeTest" time="0.0" classname="deskclock.Deskclock">
    <failure type="org.openqa.selenium.WebDriverException" message="An unknown server-side error occurred while processing the command. Original error: opencv4nodejs module is required to use OpenCV features. Please install it first (npm i -g opencv4nodejs) and restart Appium. Read https://github.com/justadudewhohacks/opencv4nodejs#how-to-install for more details on this topic.
Build info: version: &amp;apos;3.141.59&amp;apos;, revision: &amp;apos;e82be7d358&amp;apos;, time: &amp;apos;2018-11-14T08:17:03&amp;apos;
System info: host: &amp;apos;GH-PC&amp;apos;, ip: &amp;apos;192.168.43.155&amp;apos;, os.name: &amp;apos;Windows 7&amp;apos;, os.arch: &amp;apos;amd64&amp;apos;, os.version: &amp;apos;6.1&amp;apos;, java.version: &amp;apos;1.8.0_152&amp;apos;
Driver info: io.appium.java_client.android.AndroidDriver
Capabilities {appActivity: .DeskClock, appPackage: com.android.deskclock, automationName: Appium, databaseEnabled: false, desired: {appActivity: .DeskClock, appPackage: com.android.deskclock, automationName: Appium, deviceName: 0123456789ABCDEF02
, noReset: false, platformName: android, platformVersion: 4.4.4, resetKeyboard: true, unicodeKeyboard: true}, deviceManufacturer: LEADCORE, deviceModel: L1860, deviceName: 0123456789ABCDEF02, deviceScreenSize: 720x1280, deviceUDID: 0123456789ABCDEF02, javascriptEnabled: true, locationContextEnabled: false, networkConnectionEnabled: true, noReset: false, platform: LINUX, platformName: Android, platformVersion: 4.4.4, resetKeyboard: true, takesScreenshot: true, unicodeKeyboard: true, warnings: {}, webStorageEnabled: false}
Session ID: 81dc521d-048d-4060-ba86-12b892399bb5">
      <![CDATA[org.openqa.selenium.WebDriverException: An unknown server-side error occurred while processing the command. Original error: opencv4nodejs module is required to use OpenCV features. Please install it first (npm i -g opencv4nodejs) and restart Appium. Read https://github.com/justadudewhohacks/opencv4nodejs#how-to-install for more details on this topic.
Build info: version: '3.141.59', revision: 'e82be7d358', time: '2018-11-14T08:17:03'
System info: host: 'GH-PC', ip: '192.168.43.155', os.name: 'Windows 7', os.arch: 'amd64', os.version: '6.1', java.version: '1.8.0_152'
Driver info: io.appium.java_client.android.AndroidDriver
Capabilities {appActivity: .DeskClock, appPackage: com.android.deskclock, automationName: Appium, databaseEnabled: false, desired: {appActivity: .DeskClock, appPackage: com.android.deskclock, automationName: Appium, deviceName: 0123456789ABCDEF02
, noReset: false, platformName: android, platformVersion: 4.4.4, resetKeyboard: true, unicodeKeyboard: true}, deviceManufacturer: LEADCORE, deviceModel: L1860, deviceName: 0123456789ABCDEF02, deviceScreenSize: 720x1280, deviceUDID: 0123456789ABCDEF02, javascriptEnabled: true, locationContextEnabled: false, networkConnectionEnabled: true, noReset: false, platform: LINUX, platformName: Android, platformVersion: 4.4.4, resetKeyboard: true, takesScreenshot: true, unicodeKeyboard: true, warnings: {}, webStorageEnabled: false}
Session ID: 81dc521d-048d-4060-ba86-12b892399bb5
	at sun.reflect.NativeConstructorAccessorImpl.newInstance0(Native Method)
	at sun.reflect.NativeConstructorAccessorImpl.newInstance(Unknown Source)
	at sun.reflect.DelegatingConstructorAccessorImpl.newInstance(Unknown Source)
	at java.lang.reflect.Constructor.newInstance(Unknown Source)
	at org.openqa.selenium.remote.http.W3CHttpResponseCodec.createException(W3CHttpResponseCodec.java:187)
	at org.openqa.selenium.remote.http.W3CHttpResponseCodec.decode(W3CHttpResponseCodec.java:122)
	at org.openqa.selenium.remote.http.W3CHttpResponseCodec.decode(W3CHttpResponseCodec.java:49)
	at org.openqa.selenium.remote.HttpCommandExecutor.execute(HttpCommandExecutor.java:158)
	at io.appium.java_client.remote.AppiumCommandExecutor.execute(AppiumCommandExecutor.java:239)
	at org.openqa.selenium.remote.RemoteWebDriver.execute(RemoteWebDriver.java:552)
	at io.appium.java_client.DefaultGenericMobileDriver.execute(DefaultGenericMobileDriver.java:41)
	at io.appium.java_client.AppiumDriver.execute(AppiumDriver.java:1)
	at io.appium.java_client.android.AndroidDriver.execute(AndroidDriver.java:1)
	at io.appium.java_client.CommandExecutionHelper.execute(CommandExecutionHelper.java:27)
	at io.appium.java_client.ComparesImages.getImagesSimilarity(ComparesImages.java:190)
	at io.appium.java_client.ComparesImages.getImagesSimilarity(ComparesImages.java:224)
	at io.appium.java_client.ComparesImages.getImagesSimilarity(ComparesImages.java:207)
	at io.appium.java_client.ComparesImages$$FastClassBySpringCGLIB$$3e1ff72.invoke(<generated>)
	at org.springframework.cglib.proxy.MethodProxy.invoke(MethodProxy.java:218)
	at org.springframework.aop.framework.CglibAopProxy$CglibMethodInvocation.invokeJoinpoint(CglibAopProxy.java:749)
	at org.springframework.aop.framework.ReflectiveMethodInvocation.proceed(ReflectiveMethodInvocation.java:163)
	at org.springframework.aop.interceptor.ExposeInvocationInterceptor.invoke(ExposeInvocationInterceptor.java:93)
	at org.springframework.aop.framework.ReflectiveMethodInvocation.proceed(ReflectiveMethodInvocation.java:186)
	at org.springframework.aop.framework.CglibAopProxy$DynamicAdvisedInterceptor.intercept(CglibAopProxy.java:688)
	at io.appium.java_client.android.AndroidDriver$$EnhancerBySpringCGLIB$$96f07418.getImagesSimilarity(<generated>)
	at deskclock.Deskclock.beforeTest(Deskclock.java:66)
	at sun.reflect.NativeMethodAccessorImpl.invoke0(Native Method)
	at sun.reflect.NativeMethodAccessorImpl.invoke(Unknown Source)
	at sun.reflect.DelegatingMethodAccessorImpl.invoke(Unknown Source)
	at java.lang.reflect.Method.invoke(Unknown Source)
	at org.testng.internal.MethodInvocationHelper.invokeMethod(MethodInvocationHelper.java:85)
	at org.testng.internal.Invoker.invokeConfigurationMethod(Invoker.java:510)
	at org.testng.internal.Invoker.invokeConfigurations(Invoker.java:211)
	at org.testng.internal.Invoker.invokeConfigurations(Invoker.java:138)
	at org.testng.TestRunner.beforeRun(TestRunner.java:648)
	at org.testng.TestRunner.run(TestRunner.java:616)
	at org.testng.SuiteRunner.runTest(SuiteRunner.java:359)
	at org.testng.SuiteRunner.runSequentially(SuiteRunner.java:354)
	at org.testng.SuiteRunner.privateRun(SuiteRunner.java:312)
	at org.testng.SuiteRunner.run(SuiteRunner.java:261)
	at org.testng.SuiteRunnerWorker.runSuite(SuiteRunnerWorker.java:52)
	at org.testng.SuiteRunnerWorker.run(SuiteRunnerWorker.java:86)
	at org.testng.TestNG.runSuitesSequentially(TestNG.java:1191)
	at org.testng.TestNG.runSuitesLocally(TestNG.java:1116)
	at org.testng.TestNG.run(TestNG.java:1024)
	at org.testng.remote.RemoteTestNG.run(RemoteTestNG.java:112)
	at org.testng.remote.RemoteTestNG.initAndRun(RemoteTestNG.java:205)
	at org.testng.remote.RemoteTestNG.main(RemoteTestNG.java:176)
]]>
    </failure>
  </testcase> <!-- @BeforeTest beforeTest -->
  <testcase name="@AfterTest afterTest" time="0.0" classname="deskclock.Deskclock">
    <skipped/>
  </testcase> <!-- @AfterTest afterTest -->
  <testcase name="alarmClock" time="0.0" classname="deskclock.Deskclock">
    <skipped/>
  </testcase> <!-- alarmClock -->
</testsuite> <!-- Default test -->
