<?xml version="1.0" encoding="UTF-8"?>
<!-- Generated by org.testng.reporters.JUnitXMLReporter -->
<testsuite hostname="gh-PC" ignored="0" name="Command line test" tests="47" failures="0" timestamp="2020-03-24T16:10:43 CST" time="5222.181" errors="0">
  <testcase name="@BeforeTest beforeTest" time="5222.135" classname="calendar.CalendarTest">
    <failure type="org.openqa.selenium.SessionNotCreatedException" message="Unable to create a new remote session. Please check the server log for more details. Original error: An unknown server-side error occurred while processing the command. Original error: Could not find a connected Android device.
Build info: version: &amp;apos;3.141.59&amp;apos;, revision: &amp;apos;e82be7d358&amp;apos;, time: &amp;apos;2018-11-14T08:17:03&amp;apos;
System info: host: &amp;apos;GH-PC&amp;apos;, ip: &amp;apos;192.168.43.155&amp;apos;, os.name: &amp;apos;Windows 7&amp;apos;, os.arch: &amp;apos;amd64&amp;apos;, os.version: &amp;apos;6.1&amp;apos;, java.version: &amp;apos;1.8.0_152&amp;apos;
Driver info: driver.version: AndroidDriver
remote stacktrace: UnknownError: An unknown server-side error occurred while processing the command. Original error: Could not find a connected Android device.
    at getResponseForW3CError (C:\Users\ghgh\AppData\Local\Programs\Appium\resources\app\node_modules\appium\node_modules\appium-base-driver\lib\protocol\errors.js:826:9)
    at asyncHandler (C:\Users\ghgh\AppData\Local\Programs\Appium\resources\app\node_modules\appium\node_modules\appium-base-driver\lib\protocol\protocol.js:447:37)
    at process._tickCallback (internal/process/next_tick.js:68:7)
Build info: version: &amp;apos;3.141.59&amp;apos;, revision: &amp;apos;e82be7d358&amp;apos;, time: &amp;apos;2018-11-14T08:17:03&amp;apos;
System info: host: &amp;apos;GH-PC&amp;apos;, ip: &amp;apos;192.168.43.155&amp;apos;, os.name: &amp;apos;Windows 7&amp;apos;, os.arch: &amp;apos;amd64&amp;apos;, os.version: &amp;apos;6.1&amp;apos;, java.version: &amp;apos;1.8.0_152&amp;apos;
Driver info: driver.version: AndroidDriver">
      <![CDATA[org.openqa.selenium.SessionNotCreatedException: Unable to create a new remote session. Please check the server log for more details. Original error: An unknown server-side error occurred while processing the command. Original error: Could not find a connected Android device.
Build info: version: '3.141.59', revision: 'e82be7d358', time: '2018-11-14T08:17:03'
System info: host: 'GH-PC', ip: '192.168.43.155', os.name: 'Windows 7', os.arch: 'amd64', os.version: '6.1', java.version: '1.8.0_152'
Driver info: driver.version: AndroidDriver
remote stacktrace: UnknownError: An unknown server-side error occurred while processing the command. Original error: Could not find a connected Android device.
    at getResponseForW3CError (C:\Users\ghgh\AppData\Local\Programs\Appium\resources\app\node_modules\appium\node_modules\appium-base-driver\lib\protocol\errors.js:826:9)
    at asyncHandler (C:\Users\ghgh\AppData\Local\Programs\Appium\resources\app\node_modules\appium\node_modules\appium-base-driver\lib\protocol\protocol.js:447:37)
    at process._tickCallback (internal/process/next_tick.js:68:7)
Build info: version: '3.141.59', revision: 'e82be7d358', time: '2018-11-14T08:17:03'
System info: host: 'GH-PC', ip: '192.168.43.155', os.name: 'Windows 7', os.arch: 'amd64', os.version: '6.1', java.version: '1.8.0_152'
Driver info: driver.version: AndroidDriver
at io.appium.java_client.remote.AppiumCommandExecutor$1.createSession(AppiumCommandExecutor.java:208)
at io.appium.java_client.remote.AppiumCommandExecutor.createSession(AppiumCommandExecutor.java:217)
at io.appium.java_client.remote.AppiumCommandExecutor.execute(AppiumCommandExecutor.java:239)
at org.openqa.selenium.remote.RemoteWebDriver.execute(RemoteWebDriver.java:552)
at io.appium.java_client.DefaultGenericMobileDriver.execute(DefaultGenericMobileDriver.java:41)
at io.appium.java_client.AppiumDriver.execute(AppiumDriver.java:1)
at io.appium.java_client.android.AndroidDriver.execute(AndroidDriver.java:1)
at org.openqa.selenium.remote.RemoteWebDriver.startSession(RemoteWebDriver.java:213)
at io.appium.java_client.AppiumDriver.startSession(AppiumDriver.java:323)
at org.openqa.selenium.remote.RemoteWebDriver.<init>(RemoteWebDriver.java:131)
at io.appium.java_client.DefaultGenericMobileDriver.<init>(DefaultGenericMobileDriver.java:37)
at io.appium.java_client.AppiumDriver.<init>(AppiumDriver.java:86)
at io.appium.java_client.AppiumDriver.<init>(AppiumDriver.java:96)
at io.appium.java_client.android.AndroidDriver.<init>(AndroidDriver.java:94)
at util.BaseAppium.init(BaseAppium.java:63)
at calendar.CalendarTest.beforeTest(CalendarTest.java:87)
at io.appium.java_client.remote.AppiumCommandExecutor$1.createSession(AppiumCommandExecutor.java:186)
... 49 more
Caused by: org.openqa.selenium.WebDriverException: An unknown server-side error occurred while processing the command. Original error: Could not find a connected Android device.
Build info: version: '3.141.59', revision: 'e82be7d358', time: '2018-11-14T08:17:03'
System info: host: 'GH-PC', ip: '192.168.43.155', os.name: 'Windows 7', os.arch: 'amd64', os.version: '6.1', java.version: '1.8.0_152'
Driver info: driver.version: AndroidDriver
remote stacktrace: UnknownError: An unknown server-side error occurred while processing the command. Original error: Could not find a connected Android device.
    at getResponseForW3CError (C:\Users\ghgh\AppData\Local\Programs\Appium\resources\app\node_modules\appium\node_modules\appium-base-driver\lib\protocol\errors.js:826:9)
    at asyncHandler (C:\Users\ghgh\AppData\Local\Programs\Appium\resources\app\node_modules\appium\node_modules\appium-base-driver\lib\protocol\protocol.js:447:37)
    at process._tickCallback (internal/process/next_tick.js:68:7)
at org.openqa.selenium.remote.W3CHandshakeResponse.lambda$errorHandler$0(W3CHandshakeResponse.java:62)
at org.openqa.selenium.remote.HandshakeResponse.lambda$getResponseFunction$0(HandshakeResponse.java:30)
at org.openqa.selenium.remote.ProtocolHandshake.lambda$createSession$0(ProtocolHandshake.java:126)
at java.util.stream.ReferencePipeline$3$1.accept(ReferencePipeline.java:193)
at java.util.Spliterators$ArraySpliterator.tryAdvance(Spliterators.java:958)
at java.util.stream.ReferencePipeline.forEachWithCancel(ReferencePipeline.java:126)
at java.util.stream.AbstractPipeline.copyIntoWithCancel(AbstractPipeline.java:498)
at java.util.stream.AbstractPipeline.copyInto(AbstractPipeline.java:485)
at java.util.stream.AbstractPipeline.wrapAndCopyInto(AbstractPipeline.java:471)
at java.util.stream.FindOps$FindOp.evaluateSequential(FindOps.java:152)
at java.util.stream.AbstractPipeline.evaluate(AbstractPipeline.java:234)
at java.util.stream.ReferencePipeline.findFirst(ReferencePipeline.java:464)
at org.openqa.selenium.remote.ProtocolHandshake.createSession(ProtocolHandshake.java:128)
... 54 more
... Removed 43 stack frames]]>
    </failure>
  </testcase> <!-- @BeforeTest beforeTest -->
  <testcase name="@BeforeTest beforeTest" time="-1.585037443199E9" classname="camera.CameraTest">
    <skipped/>
  </testcase> <!-- @BeforeTest beforeTest -->
  <testcase name="@BeforeTest beforeTest" time="-1.585037443199E9" classname="contacts.ContactsTest">
    <skipped/>
  </testcase> <!-- @BeforeTest beforeTest -->
  <testcase name="@BeforeTest beforeTest" time="-1.585037443199E9" classname="dataService.DataServiceTest">
    <skipped/>
  </testcase> <!-- @BeforeTest beforeTest -->
  <testcase name="@BeforeTest beforeTest" time="-1.585037443199E9" classname="dialer.DialerTest">
    <skipped/>
  </testcase> <!-- @BeforeTest beforeTest -->
  <testcase name="@BeforeTest beforeTest" time="-1.585037443199E9" classname="fileExplorer.FileExplorerTest">
    <skipped/>
  </testcase> <!-- @BeforeTest beforeTest -->
  <testcase name="@BeforeTest beforeTest" time="-1.585037443199E9" classname="mms.MmsTest">
    <skipped/>
  </testcase> <!-- @BeforeTest beforeTest -->
  <testcase name="@BeforeTest beforeTest" time="-1.585037443199E9" classname="notepad.NotepadTest">
    <skipped/>
  </testcase> <!-- @BeforeTest beforeTest -->
  <testcase name="@BeforeTest beforeTest" time="-1.585037443199E9" classname="others.OthersTest">
    <skipped/>
  </testcase> <!-- @BeforeTest beforeTest -->
  <testcase name="@BeforeTest beforeTest" time="-1.585037443199E9" classname="setting.SettingTest">
    <skipped/>
  </testcase> <!-- @BeforeTest beforeTest -->
  <testcase name="@BeforeTest beforeTest" time="-1.585037443199E9" classname="simpleMode.SimpleModeTest">
    <skipped/>
  </testcase> <!-- @BeforeTest beforeTest -->
  <testcase name="@BeforeTest beforeTest" time="-1.585037443199E9" classname="sos.SosTest">
    <skipped/>
  </testcase> <!-- @BeforeTest beforeTest -->
  <testcase name="@BeforeTest beforeTest" time="-1.585037443199E9" classname="otherApps.StartAppTest">
    <skipped/>
  </testcase> <!-- @BeforeTest beforeTest -->
  <testcase name="@BeforeTest beforeTest" time="-1.585037443199E9" classname="ustar.UstarTest">
    <skipped/>
  </testcase> <!-- @BeforeTest beforeTest -->
  <testcase name="@BeforeMethod beforeMethod" time="-1.58503744323E9" classname="camera.CameraTest">
    <skipped/>
  </testcase> <!-- @BeforeMethod beforeMethod -->
  <testcase name="@AfterMethod afterMethod" time="-1.58503744323E9" classname="camera.CameraTest">
    <skipped/>
  </testcase> <!-- @AfterMethod afterMethod -->
  <testcase name="@BeforeMethod beforeMethod" time="-1.58503744323E9" classname="camera.CameraTest">
    <skipped/>
  </testcase> <!-- @BeforeMethod beforeMethod -->
  <testcase name="@AfterMethod afterMethod" time="-1.58503744323E9" classname="camera.CameraTest">
    <skipped/>
  </testcase> <!-- @AfterMethod afterMethod -->
  <testcase name="@BeforeMethod beforeMethod" time="-1.58503744323E9" classname="camera.CameraTest">
    <skipped/>
  </testcase> <!-- @BeforeMethod beforeMethod -->
  <testcase name="@AfterMethod afterMethod" time="-1.58503744323E9" classname="camera.CameraTest">
    <skipped/>
  </testcase> <!-- @AfterMethod afterMethod -->
  <testcase name="@BeforeMethod beforeMethod" time="-1.58503744323E9" classname="camera.CameraTest">
    <skipped/>
  </testcase> <!-- @BeforeMethod beforeMethod -->
  <testcase name="@AfterMethod afterMethod" time="-1.58503744323E9" classname="camera.CameraTest">
    <skipped/>
  </testcase> <!-- @AfterMethod afterMethod -->
  <testcase name="@BeforeMethod beforeMethod" time="-1.58503744323E9" classname="camera.CameraTest">
    <skipped/>
  </testcase> <!-- @BeforeMethod beforeMethod -->
  <testcase name="@AfterMethod afterMethod" time="-1.58503744323E9" classname="camera.CameraTest">
    <skipped/>
  </testcase> <!-- @AfterMethod afterMethod -->
  <testcase name="@BeforeMethod beforeMethod" time="-1.58503744323E9" classname="notepad.NotepadTest">
    <skipped/>
  </testcase> <!-- @BeforeMethod beforeMethod -->
  <testcase name="@AfterMethod afterMethod" time="-1.58503744323E9" classname="notepad.NotepadTest">
    <skipped/>
  </testcase> <!-- @AfterMethod afterMethod -->
  <testcase name="@BeforeClass beforeClass" time="-1.585037443245E9" classname="others.OthersTest">
    <skipped/>
  </testcase> <!-- @BeforeClass beforeClass -->
  <testcase name="@BeforeMethod beforeMethod" time="-1.585037443245E9" classname="others.OthersTest">
    <skipped/>
  </testcase> <!-- @BeforeMethod beforeMethod -->
  <testcase name="@AfterMethod afterMethod" time="-1.585037443245E9" classname="others.OthersTest">
    <skipped/>
  </testcase> <!-- @AfterMethod afterMethod -->
  <testcase name="@BeforeMethod beforeMethod" time="-1.585037443245E9" classname="others.OthersTest">
    <skipped/>
  </testcase> <!-- @BeforeMethod beforeMethod -->
  <testcase name="@AfterMethod afterMethod" time="-1.585037443245E9" classname="others.OthersTest">
    <skipped/>
  </testcase> <!-- @AfterMethod afterMethod -->
  <testcase name="@BeforeMethod beforeMethod" time="-1.585037443245E9" classname="others.OthersTest">
    <skipped/>
  </testcase> <!-- @BeforeMethod beforeMethod -->
  <testcase name="@AfterMethod afterMethod" time="-1.585037443245E9" classname="others.OthersTest">
    <skipped/>
  </testcase> <!-- @AfterMethod afterMethod -->
  <testcase name="@BeforeMethod beforeMethod" time="-1.585037443245E9" classname="others.OthersTest">
    <skipped/>
  </testcase> <!-- @BeforeMethod beforeMethod -->
  <testcase name="@AfterMethod afterMethod" time="-1.585037443245E9" classname="others.OthersTest">
    <skipped/>
  </testcase> <!-- @AfterMethod afterMethod -->
  <testcase name="@BeforeMethod beforeMethod" time="-1.585037443245E9" classname="others.OthersTest">
    <skipped/>
  </testcase> <!-- @BeforeMethod beforeMethod -->
  <testcase name="@AfterMethod afterMethod" time="-1.585037443245E9" classname="others.OthersTest">
    <skipped/>
  </testcase> <!-- @AfterMethod afterMethod -->
  <testcase name="@BeforeMethod beforeMethod" time="-1.585037443245E9" classname="others.OthersTest">
    <skipped/>
  </testcase> <!-- @BeforeMethod beforeMethod -->
  <testcase name="@AfterMethod afterMethod" time="-1.585037443245E9" classname="others.OthersTest">
    <skipped/>
  </testcase> <!-- @AfterMethod afterMethod -->
  <testcase name="@BeforeMethod beforeMethod" time="-1.585037443245E9" classname="others.OthersTest">
    <skipped/>
  </testcase> <!-- @BeforeMethod beforeMethod -->
  <testcase name="@AfterMethod afterMethod" time="-1.585037443245E9" classname="others.OthersTest">
    <skipped/>
  </testcase> <!-- @AfterMethod afterMethod -->
  <testcase name="@BeforeMethod beforeMethod" time="-1.585037443245E9" classname="others.OthersTest">
    <skipped/>
  </testcase> <!-- @BeforeMethod beforeMethod -->
  <testcase name="@AfterMethod afterMethod" time="-1.585037443245E9" classname="others.OthersTest">
    <skipped/>
  </testcase> <!-- @AfterMethod afterMethod -->
  <testcase name="@BeforeMethod beforeMethod" time="-1.585037443245E9" classname="others.OthersTest">
    <skipped/>
  </testcase> <!-- @BeforeMethod beforeMethod -->
  <testcase name="@AfterMethod afterMethod" time="-1.585037443245E9" classname="others.OthersTest">
    <skipped/>
  </testcase> <!-- @AfterMethod afterMethod -->
  <testcase name="@AfterClass afterClass" time="-1.585037443245E9" classname="others.OthersTest">
    <skipped/>
  </testcase> <!-- @AfterClass afterClass -->
  <testcase name="@AfterTest afterTest" time="-1.585037443245E9" classname="calendar.CalendarTest">
    <skipped/>
  </testcase> <!-- @AfterTest afterTest -->
  <testcase name="@AfterTest afterTest" time="-1.585037443245E9" classname="camera.CameraTest">
    <skipped/>
  </testcase> <!-- @AfterTest afterTest -->
  <testcase name="@AfterTest afterTest" time="-1.585037443245E9" classname="contacts.ContactsTest">
    <skipped/>
  </testcase> <!-- @AfterTest afterTest -->
  <testcase name="@AfterTest afterTest" time="-1.585037443245E9" classname="dataService.DataServiceTest">
    <skipped/>
  </testcase> <!-- @AfterTest afterTest -->
  <testcase name="@AfterTest afterTest" time="-1.585037443245E9" classname="dialer.DialerTest">
    <skipped/>
  </testcase> <!-- @AfterTest afterTest -->
  <testcase name="@AfterTest afterTest" time="-1.585037443245E9" classname="fileExplorer.FileExplorerTest">
    <skipped/>
  </testcase> <!-- @AfterTest afterTest -->
  <testcase name="@AfterTest afterTest" time="-1.585037443245E9" classname="mms.MmsTest">
    <skipped/>
  </testcase> <!-- @AfterTest afterTest -->
  <testcase name="@AfterTest afterTest" time="-1.585037443245E9" classname="notepad.NotepadTest">
    <skipped/>
  </testcase> <!-- @AfterTest afterTest -->
  <testcase name="@AfterTest afterTest" time="-1.585037443245E9" classname="others.OthersTest">
    <skipped/>
  </testcase> <!-- @AfterTest afterTest -->
  <testcase name="@AfterTest afterTest" time="-1.585037443245E9" classname="setting.SettingTest">
    <skipped/>
  </testcase> <!-- @AfterTest afterTest -->
  <testcase name="@AfterTest afterTest" time="-1.585037443245E9" classname="simpleMode.SimpleModeTest">
    <skipped/>
  </testcase> <!-- @AfterTest afterTest -->
  <testcase name="@AfterTest afterTest" time="-1.585037443245E9" classname="sos.SosTest">
    <skipped/>
  </testcase> <!-- @AfterTest afterTest -->
  <testcase name="@AfterTest afterTest" time="-1.585037443245E9" classname="otherApps.StartAppTest">
    <skipped/>
  </testcase> <!-- @AfterTest afterTest -->
  <testcase name="@AfterTest afterTest" time="-1.585037443245E9" classname="ustar.UstarTest">
    <skipped/>
  </testcase> <!-- @AfterTest afterTest -->
  <testcase name="openCalendar" time="0.0" classname="calendar.CalendarTest">
    <skipped/>
  </testcase> <!-- openCalendar -->
  <testcase name="newSchedule" time="0.0" classname="calendar.CalendarTest">
    <skipped/>
  </testcase> <!-- newSchedule -->
  <testcase name="deleteSchedule" time="0.0" classname="calendar.CalendarTest">
    <skipped/>
  </testcase> <!-- deleteSchedule -->
  <testcase name="openCamera" time="0.0" classname="camera.CameraTest">
    <skipped/>
  </testcase> <!-- openCamera -->
  <testcase name="rearCamera" time="0.0" classname="camera.CameraTest">
    <skipped/>
  </testcase> <!-- rearCamera -->
  <testcase name="frontCamera" time="0.0" classname="camera.CameraTest">
    <skipped/>
  </testcase> <!-- frontCamera -->
  <testcase name="frontVideo" time="0.0" classname="camera.CameraTest">
    <skipped/>
  </testcase> <!-- frontVideo -->
  <testcase name="rearVideo" time="0.0" classname="camera.CameraTest">
    <skipped/>
  </testcase> <!-- rearVideo -->
  <testcase name="addContacts" time="0.0" classname="contacts.ContactsTest">
    <skipped/>
  </testcase> <!-- addContacts -->
  <testcase name="editContacts" time="0.0" classname="contacts.ContactsTest">
    <skipped/>
  </testcase> <!-- editContacts -->
  <testcase name="deleteContacts" time="0.0" classname="contacts.ContactsTest">
    <skipped/>
  </testcase> <!-- deleteContacts -->
  <testcase name="openDataService" time="0.0" classname="dataService.DataServiceTest">
    <skipped/>
  </testcase> <!-- openDataService -->
  <testcase name="openWebpage" time="0.0" classname="dataService.DataServiceTest">
    <skipped/>
  </testcase> <!-- openWebpage -->
  <testcase name="addNumToContact" time="0.0" classname="dialer.DialerTest">
    <skipped/>
  </testcase> <!-- addNumToContact -->
  <testcase name="contactDialing" time="0.0" classname="dialer.DialerTest">
    <skipped/>
  </testcase> <!-- contactDialing -->
  <testcase name="handDialing" time="0.0" classname="dialer.DialerTest">
    <skipped/>
  </testcase> <!-- handDialing -->
  <testcase name="pullFileToPc" time="0.0" classname="fileExplorer.FileExplorerTest">
    <skipped/>
  </testcase> <!-- pullFileToPc -->
  <testcase name="pushFileToDevice" time="0.0" classname="fileExplorer.FileExplorerTest">
    <skipped/>
  </testcase> <!-- pushFileToDevice -->
  <testcase name="sendSms" time="0.0" classname="mms.MmsTest">
    <skipped/>
  </testcase> <!-- sendSms -->
  <testcase name="createTextNote" time="0.0" classname="notepad.NotepadTest">
    <skipped/>
  </testcase> <!-- createTextNote -->
  <testcase name="openOppositeStar" time="0.0" classname="otherApps.StartAppTest">
    <skipped/>
  </testcase> <!-- openOppositeStar -->
  <testcase name="openCompass" time="0.0" classname="otherApps.StartAppTest">
    <skipped/>
  </testcase> <!-- openCompass -->
  <testcase name="openCalculator" time="0.0" classname="otherApps.StartAppTest">
    <skipped/>
  </testcase> <!-- openCalculator -->
  <testcase name="openBrowser" time="0.0" classname="otherApps.StartAppTest">
    <skipped/>
  </testcase> <!-- openBrowser -->
  <testcase name="openSoundRecorder" time="0.0" classname="otherApps.StartAppTest">
    <skipped/>
  </testcase> <!-- openSoundRecorder -->
  <testcase name="openMusic" time="0.0" classname="otherApps.StartAppTest">
    <skipped/>
  </testcase> <!-- openMusic -->
  <testcase name="openWps" time="0.0" classname="otherApps.StartAppTest">
    <skipped/>
  </testcase> <!-- openWps -->
  <testcase name="openInputmethod" time="0.0" classname="otherApps.StartAppTest">
    <skipped/>
  </testcase> <!-- openInputmethod -->
  <testcase name="openPttphone" time="0.0" classname="otherApps.StartAppTest">
    <skipped/>
  </testcase> <!-- openPttphone -->
  <testcase name="openMctools" time="0.0" classname="otherApps.StartAppTest">
    <skipped/>
  </testcase> <!-- openMctools -->
  <testcase name="openGaller" time="0.0" classname="otherApps.StartAppTest">
    <skipped/>
  </testcase> <!-- openGaller -->
  <testcase name="airplaneToNormalMode" time="0.0" classname="others.OthersTest">
    <skipped/>
  </testcase> <!-- airplaneToNormalMode -->
  <testcase name="airplaneToNormalMode" time="0.0" classname="others.OthersTest">
    <skipped/>
  </testcase> <!-- airplaneToNormalMode -->
  <testcase name="fastDialer" time="0.0" classname="others.OthersTest">
    <skipped/>
  </testcase> <!-- fastDialer -->
  <testcase name="fastDialer" time="0.0" classname="others.OthersTest">
    <skipped/>
  </testcase> <!-- fastDialer -->
  <testcase name="hotStartLocationTime" time="0.0" classname="others.OthersTest">
    <skipped/>
  </testcase> <!-- hotStartLocationTime -->
  <testcase name="hotStartLocationTime" time="0.0" classname="others.OthersTest">
    <skipped/>
  </testcase> <!-- hotStartLocationTime -->
  <testcase name="hotStartLocationTime" time="0.0" classname="others.OthersTest">
    <skipped/>
  </testcase> <!-- hotStartLocationTime -->
  <testcase name="sosToNormalMode" time="0.0" classname="others.OthersTest">
    <skipped/>
  </testcase> <!-- sosToNormalMode -->
  <testcase name="sosToNormalMode" time="0.0" classname="others.OthersTest">
    <skipped/>
  </testcase> <!-- sosToNormalMode -->
  <testcase name="location" time="0.0" classname="setting.SettingTest">
    <skipped/>
  </testcase> <!-- location -->
  <testcase name="openSimpleMode" time="0.0" classname="simpleMode.SimpleModeTest">
    <skipped/>
  </testcase> <!-- openSimpleMode -->
  <testcase name="simpleModeOpenApp" time="0.0" classname="simpleMode.SimpleModeTest">
    <skipped/>
  </testcase> <!-- simpleModeOpenApp -->
  <testcase name="handLocationSendSos" time="0.0" classname="sos.SosTest">
    <skipped/>
  </testcase> <!-- handLocationSendSos -->
  <testcase name="locationSendSos" time="0.0" classname="sos.SosTest">
    <skipped/>
  </testcase> <!-- locationSendSos -->
  <testcase name="hotStartLocationTime" time="0.0" classname="ustar.UstarTest">
    <skipped/>
  </testcase> <!-- hotStartLocationTime -->
  <testcase name="ustarLocation" time="0.0" classname="ustar.UstarTest">
    <skipped/>
  </testcase> <!-- ustarLocation -->
</testsuite> <!-- Command line test -->
