<?xml version="1.0" encoding="UTF-8"?>
<!-- Generated by org.testng.reporters.JUnitXMLReporter -->
<testsuite hostname="gh-PC" name="calendar" tests="3" failures="0" timestamp="1 Apr 2020 05:16:07 GMT" time="114.357" errors="0">
  <testcase name="openCalendar" time="2.217" classname="calendar.CalendarTest"/>
  <testcase name="newSchedule" time="26.863" classname="calendar.CalendarTest"/>
  <testcase name="deleteSchedule" time="11.841" classname="calendar.CalendarTest"/>
</testsuite> <!-- calendar -->
