<?xml version="1.0" encoding="UTF-8"?>
<!-- Generated by org.testng.reporters.JUnitXMLReporter -->
<testsuite hostname="gh-PC" name="camera" tests="5" failures="0" timestamp="1 Apr 2020 05:23:57 GMT" time="194.244" errors="0">
  <testcase name="openCamera" time="4.65" classname="camera.CameraTest"/>
  <testcase name="rearCamera" time="21.155" classname="camera.CameraTest"/>
  <testcase name="frontCamera" time="23.682" classname="camera.CameraTest"/>
  <testcase name="frontVideo" time="30.27" classname="camera.CameraTest"/>
  <testcase name="rearVideo" time="27.509" classname="camera.CameraTest"/>
</testsuite> <!-- camera -->
