<?xml version="1.0" encoding="UTF-8"?>
<!-- Generated by org.testng.reporters.JUnitXMLReporter -->
<testsuite hostname="gh-PC" name="contacts" tests="3" failures="0" timestamp="10 Mar 2020 02:03:07 GMT" time="85.273" errors="0">
  <testcase name="addContacts" time="22.802" classname="contacts.ContactsTest"/>
  <testcase name="editContacts" time="21.353" classname="contacts.ContactsTest"/>
  <testcase name="deleteContacts" time="14.309" classname="contacts.ContactsTest"/>
</testsuite> <!-- contacts -->
