<?xml version="1.0" encoding="UTF-8"?>
<!-- Generated by org.testng.reporters.JUnitXMLReporter -->
<testsuite hostname="gh-PC" name="contacts" tests="3" failures="0" timestamp="1 Apr 2020 05:31:49 GMT" time="98.009" errors="0">
  <testcase name="addContacts" time="22.047" classname="contacts.ContactsTest"/>
  <testcase name="editContacts" time="21.376" classname="contacts.ContactsTest"/>
  <testcase name="deleteContacts" time="14.785" classname="contacts.ContactsTest"/>
</testsuite> <!-- contacts -->
