<?xml version="1.0" encoding="UTF-8"?>
<!-- Generated by org.testng.reporters.JUnitXMLReporter -->
<testsuite hostname="gh-PC" name="notepad" tests="4" failures="0" timestamp="1 Apr 2020 05:30:11 GMT" time="114.156" errors="0">
  <testcase name="createHandwritingNote" time="15.493" classname="notepad.NotepadTest"/>
  <testcase name="createPictureNote" time="27.616" classname="notepad.NotepadTest"/>
  <testcase name="createRecordingNote" time="22.902" classname="notepad.NotepadTest"/>
  <testcase name="createTextNote" time="20.234" classname="notepad.NotepadTest"/>
</testsuite> <!-- notepad -->
