<?xml version="1.0" encoding="UTF-8"?>
<!-- Generated by org.testng.reporters.JUnitXMLReporter -->
<testsuite hostname="gh-PC" name="notepad" tests="4" failures="0" timestamp="10 Mar 2020 02:01:42 GMT" time="104.036" errors="0">
  <testcase name="createHandwritingNote" time="21.599" classname="notepad.NotepadTest"/>
  <testcase name="createPictureNote" time="27.587" classname="notepad.NotepadTest"/>
  <testcase name="createRecordingNote" time="23.086" classname="notepad.NotepadTest"/>
  <testcase name="createTextNote" time="19.899" classname="notepad.NotepadTest"/>
</testsuite> <!-- notepad -->
