<?xml version="1.0" encoding="UTF-8"?>
<!-- Generated by org.testng.reporters.JUnitXMLReporter -->
<testsuite hostname="gh-PC" ignored="0" name="calendar" tests="3" failures="0" timestamp="2020-03-25T09:05:51 CST" time="113.43" errors="0">
  <testcase name="openCalendar" time="2.137" classname="calendar.CalendarTest"/>
  <testcase name="newSchedule" time="27.691" classname="calendar.CalendarTest"/>
  <testcase name="deleteSchedule" time="12.23" classname="calendar.CalendarTest"/>
</testsuite> <!-- calendar -->
