<?xml version="1.0" encoding="UTF-8"?>
<testng-results skipped="0" failed="0" total="1" passed="1">
  <reporter-output>
  </reporter-output>
  <suite name="Default suite" duration-ms="64232" started-at="2020-04-07T02:01:35Z" finished-at="2020-04-07T02:02:39Z">
    <groups>
    </groups>
    <test name="Default test" duration-ms="64232" started-at="2020-04-07T02:01:35Z" finished-at="2020-04-07T02:02:39Z">
      <class name="calendar.CopyOfCalendarTest">
        <test-method status="PASS" signature="beforeTest()[pri:0, instance:calendar.CopyOfCalendarTest@6fadae5d]" name="beforeTest" is-config="true" duration-ms="37019" started-at="2020-04-07T10:01:35Z" finished-at="2020-04-07T10:02:12Z">
          <reporter-output>
          </reporter-output>
        </test-method> <!-- beforeTest -->
        <test-method status="PASS" signature="openCalendar()[pri:0, instance:calendar.CopyOfCalendarTest@6fadae5d]" name="openCalendar" duration-ms="23259" started-at="2020-04-07T10:02:12Z" finished-at="2020-04-07T10:02:35Z">
          <reporter-output>
          </reporter-output>
        </test-method> <!-- openCalendar -->
        <test-method status="PASS" signature="afterTest()[pri:0, instance:calendar.CopyOfCalendarTest@6fadae5d]" name="afterTest" is-config="true" duration-ms="3942" started-at="2020-04-07T10:02:35Z" finished-at="2020-04-07T10:02:39Z">
          <reporter-output>
          </reporter-output>
        </test-method> <!-- afterTest -->
      </class> <!-- calendar.CopyOfCalendarTest -->
    </test> <!-- Default test -->
  </suite> <!-- Default suite -->
</testng-results>
