<?xml version="1.0" encoding="UTF-8"?>
<testsuite name="camera"
           tests="9"
           failures="1"
           errors="0"
           skipped="8"
           time="-4755295649.843">
  <properties />
            <testcase name="beforeTest" time="27.581" classname="camera.CameraTest">
                <failure type="java.lang.NullPointerException"
                  message="(null)"
              >
<![CDATA[java.lang.NullPointerException
  camera.CameraTest.countPhoto(CameraTest.java:158)
  camera.CameraTest.beforeTest(CameraTest.java:110)
  sun.reflect.NativeMethodAccessorImpl.invoke0(Native Method)
  sun.reflect.NativeMethodAccessorImpl.invoke(NativeMethodAccessorImpl.java:62)
  sun.reflect.DelegatingMethodAccessorImpl.invoke(DelegatingMethodAccessorImpl.java:43)
  java.lang.reflect.Method.invoke(Method.java:498)
  org.testng.internal.MethodInvocationHelper.invokeMethod(MethodInvocationHelper.java:134)
  org.testng.internal.MethodInvocationHelper.invokeMethodConsideringTimeout(MethodInvocationHelper.java:63)
  org.testng.internal.ConfigInvoker.invokeConfigurationMethod(ConfigInvoker.java:348)
  org.testng.internal.ConfigInvoker.invokeConfigurations(ConfigInvoker.java:302)
  org.testng.TestRunner.invokeTestConfigurations(TestRunner.java:619)
  org.testng.TestRunner.beforeRun(TestRunner.java:609)
  org.testng.TestRunner.run(TestRunner.java:580)
  org.testng.SuiteRunner.runTest(SuiteRunner.java:384)
  org.testng.SuiteRunner.runSequentially(SuiteRunner.java:378)
  org.testng.SuiteRunner.privateRun(SuiteRunner.java:337)
  org.testng.SuiteRunner.run(SuiteRunner.java:286)
  org.testng.SuiteRunnerWorker.runSuite(SuiteRunnerWorker.java:53)
  org.testng.SuiteRunnerWorker.run(SuiteRunnerWorker.java:96)
  org.testng.TestNG.runSuitesSequentially(TestNG.java:1187)
  org.testng.TestNG.runSuitesLocally(TestNG.java:1109)
  org.testng.TestNG.runSuites(TestNG.java:1039)
  org.testng.TestNG.run(TestNG.java:1007)
  org.apache.maven.surefire.testng.TestNGExecutor.run(TestNGExecutor.java:283)
  org.apache.maven.surefire.testng.TestNGXmlTestSuite.execute(TestNGXmlTestSuite.java:75)
  org.apache.maven.surefire.testng.TestNGProvider.invoke(TestNGProvider.java:120)
  org.apache.maven.surefire.booter.ForkedBooter.invokeProviderInSameClassLoader(ForkedBooter.java:386)
  org.apache.maven.surefire.booter.ForkedBooter.runSuitesInProcess(ForkedBooter.java:323)
  org.apache.maven.surefire.booter.ForkedBooter.main(ForkedBooter.java:143)
]]>
      </failure>

          </testcase>
  
            <testcase name="afterTest" time="0.0" classname="camera.CameraTest">
          <skipped />
    </testcase>
            <testcase name="beforeMethod" time="0.0" classname="camera.CameraTest">
          <skipped />
    </testcase>
            <testcase name="afterMethod" time="0.0" classname="camera.CameraTest">
          <skipped />
    </testcase>
            <testcase name="rearVideo" time="0.0" classname="camera.CameraTest">
          <skipped />
    </testcase>
            <testcase name="openCamera" time="0.0" classname="camera.CameraTest">
          <skipped />
    </testcase>
            <testcase name="rearCamera" time="0.0" classname="camera.CameraTest">
          <skipped />
    </testcase>
            <testcase name="frontCamera" time="0.0" classname="camera.CameraTest">
          <skipped />
    </testcase>
            <testcase name="frontVideo" time="0.0" classname="camera.CameraTest">
          <skipped />
    </testcase>
  
  
</testsuite>
